<?xml version="1.0" encoding="UTF-8"?>
  <testsuite tests="166" failures="13" time="8332.15858474">
      <testcase name="[sig-apps] CronJob should not emit unexpected warnings" classname="Kubernetes e2e suite" time="0">
          <skipped></skipped>
      </testcase>
      <testcase name="[sig-storage] Pod Disks detach in a disrupted environment [Slow] [Disruptive] when node&#39;s API object is deleted" classname="Kubernetes e2e suite" time="0">
          <skipped></skipped>
      </testcase>
      <testcase name="[k8s.io] [Feature:Example] [k8s.io] Secret should create a pod that reads a secret" classname="Kubernetes e2e suite" time="0">
          <skipped></skipped>
      </testcase>
      <testcase name="[sig-network] Loadbalancing: L7 Scalability GCE [Slow] [Serial] [Feature:IngressScale] Creating and updating ingresses should happen promptly with small/medium/large amount of ingresses" classname="Kubernetes e2e suite" time="0">
          <skipped></skipped>
      </testcase>
      <testcase name="[sig-apps] Network Partition [Disruptive] [Slow] [k8s.io] Pods should return to running and ready state after network partition is healed All pods on the unreachable node should be marked as NotReady upon the node turn NotReady AND all pods should be mark back to Ready when the node get back to Ready before pod eviction timeout" classname="Kubernetes e2e suite" time="0">
          <skipped></skipped>
      </testcase>
      <testcase name="[sig-apps] Network Partition [Disruptive] [Slow] [k8s.io] [ReplicationController] should recreate pods scheduled on the unreachable node AND allow scheduling of pods on a node after it rejoins the cluster" classname="Kubernetes e2e suite" time="0">
          <skipped></skipped>
      </testcase>
      <testcase name="[sig-storage] Subpath [Volume type: gcePDPVC] should fail if non-existent subpath is outside the volume [Slow]" classname="Kubernetes e2e suite" time="0">
          <skipped></skipped>
      </testcase>
      <testcase name="[k8s.io] [Feature:Example] [k8s.io] Storm should create and stop Zookeeper, Nimbus and Storm worker servers" classname="Kubernetes e2e suite" time="0">
          <skipped></skipped>
      </testcase>
      <testcase name="[sig-cli] Kubectl client [k8s.io] Simple pod should support exec through kubectl proxy" classname="Kubernetes e2e suite" time="0">
          <skipped></skipped>
      </testcase>
      <testcase name="[sig-api-machinery] Servers with support for API chunking should return chunks of results for list calls" classname="Kubernetes e2e suite" time="0">
          <skipped></skipped>
      </testcase>
      <testcase name="[sig-apps] Daemon set [Serial] should rollback without unnecessary restarts [Conformance]" classname="Kubernetes e2e suite" time="6.37619574">
          <skipped></skipped>
      </testcase>
      <testcase name="[sig-apps] ReplicaSet should adopt matching pods on creation and release no longer matching pods" classname="Kubernetes e2e suite" time="0">
          <skipped></skipped>
      </testcase>
      <testcase name="[sig-scheduling] ResourceQuota should create a ResourceQuota and capture the life of a replication controller." classname="Kubernetes e2e suite" time="0">
          <skipped></skipped>
      </testcase>
      <testcase name="[sig-storage] PersistentVolumes-local  Local volume provisioner [Serial] should create and recreate local persistent volume" classname="Kubernetes e2e suite" time="0">
          <skipped></skipped>
      </testcase>
      <testcase name="[sig-api-machinery] AdmissionWebhook Should unconditionally reject operations on fail closed webhook" classname="Kubernetes e2e suite" time="0">
          <skipped></skipped>
      </testcase>
      <testcase name="[sig-scheduling] SchedulerPredicates [Serial] validates MaxPods limit number of pods that are allowed to run [Slow]" classname="Kubernetes e2e suite" time="0">
          <skipped></skipped>
      </testcase>
      <testcase name="[sig-api-machinery] Downward API should provide host IP as an env var [NodeConformance] [Conformance]" classname="Kubernetes e2e suite" time="20.5277039"></testcase>
      <testcase name="[sig-cluster-lifecycle] Nodes [Disruptive] Resize [Slow] should be able to add nodes" classname="Kubernetes e2e suite" time="0">
          <skipped></skipped>
      </testcase>
      <testcase name="[sig-storage] Subpath [Volume type: hostPath] should support existing directory" classname="Kubernetes e2e suite" time="0">
          <skipped></skipped>
      </testcase>
      <testcase name="[sig-apps] Network Partition [Disruptive] [Slow] [k8s.io] Pods should be evicted from unready Node [Feature:TaintEviction] All pods on the unreachable node should be marked as NotReady upon the node turn NotReady AND all pods should be evicted after eviction timeout passes" classname="Kubernetes e2e suite" time="0">
          <skipped></skipped>
      </testcase>
      <testcase name="[sig-autoscaling] Cluster size autoscaling [Slow] Should not scale GPU pool up if pod does not require GPUs [GpuType:nvidia-tesla-p100] [Feature:ClusterSizeAutoscalingGpu]" classname="Kubernetes e2e suite" time="0">
          <skipped></skipped>
      </testcase>
      <testcase name="[sig-network] ESIPP [Slow] [DisabledForLargeClusters] should work from pods" classname="Kubernetes e2e suite" time="0">
          <skipped></skipped>
      </testcase>
      <testcase name="[sig-storage] Volume Placement should create and delete pod with multiple volumes from different datastore" classname="Kubernetes e2e suite" time="0">
          <skipped></skipped>
      </testcase>
      <testcase name="[sig-cluster-lifecycle] kube-proxy migration [Feature:KubeProxyDaemonSetMigration] Downgrade kube-proxy from a DaemonSet to static pods should maintain a functioning cluster [Feature:KubeProxyDaemonSetDowngrade]" classname="Kubernetes e2e suite" time="0">
          <skipped></skipped>
      </testcase>
      <testcase name="[sig-api-machinery] Garbage collector should delete pods created by rc when not orphaning [Conformance]" classname="Kubernetes e2e suite" time="16.35439306"></testcase>
      <testcase name="[sig-api-machinery] AdmissionWebhook Should mutate custom resource" classname="Kubernetes e2e suite" time="0">
          <skipped></skipped>
      </testcase>
      <testcase name="[sig-storage] Downward API volume should set DefaultMode on files [NodeConformance] [Conformance]" classname="Kubernetes e2e suite" time="8.36914406"></testcase>
      <testcase name="[sig-storage] Subpath [Volume type: gluster] should fail if non-existent subpath is outside the volume [Slow]" classname="Kubernetes e2e suite" time="0">
          <skipped></skipped>
      </testcase>
      <testcase name="[sig-cluster-lifecycle] Nodes [Disruptive] Resize [Slow] should be able to delete nodes" classname="Kubernetes e2e suite" time="0">
          <skipped></skipped>
      </testcase>
      <testcase name="[k8s.io] Pods should cap back-off at MaxContainerBackOff [Slow][NodeConformance]" classname="Kubernetes e2e suite" time="0">
          <skipped></skipped>
      </testcase>
      <testcase name="[sig-network] DNS should support configurable pod resolv.conf" classname="Kubernetes e2e suite" time="0">
          <skipped></skipped>
      </testcase>
      <testcase name="[sig-storage] Volume expand [Slow] Verify if editing PVC allows resize" classname="Kubernetes e2e suite" time="0">
          <skipped></skipped>
      </testcase>
      <testcase name="[sig-storage] Subpath [Volume type: gcePDPVC] should support non-existent path" classname="Kubernetes e2e suite" time="0">
          <skipped></skipped>
      </testcase>
      <testcase name="[sig-storage] Downward API volume should set mode on item file [NodeConformance] [Conformance]" classname="Kubernetes e2e suite" time="8.36922914"></testcase>
      <testcase name="[sig-scheduling] ResourceQuota should create a ResourceQuota and capture the life of a replica set." classname="Kubernetes e2e suite" time="0">
          <skipped></skipped>
      </testcase>
      <testcase name="[k8s.io] [sig-node] AppArmor load AppArmor profiles should enforce an AppArmor profile" classname="Kubernetes e2e suite" time="0">
          <skipped></skipped>
      </testcase>
      <testcase name="[sig-storage] Projected should set mode on item file [NodeConformance] [Conformance]" classname="Kubernetes e2e suite" time="10.37720552"></testcase>
      <testcase name="[sig-storage] Subpath [Volume type: gluster] should support existing single file" classname="Kubernetes e2e suite" time="0">
          <skipped></skipped>
      </testcase>
      <testcase name="[k8s.io] Docker Containers should be able to override the image&#39;s default arguments (docker cmd) [NodeConformance] [Conformance]" classname="Kubernetes e2e suite" time="8.36525512"></testcase>
      <testcase name="[k8s.io] [Feature:Example] [k8s.io] Redis should create and stop redis servers" classname="Kubernetes e2e suite" time="0">
          <skipped></skipped>
      </testcase>
      <testcase name="[sig-network] Services should be able to up and down services" classname="Kubernetes e2e suite" time="0">
          <skipped></skipped>
      </testcase>
      <testcase name="[sig-cluster-lifecycle] [Feature:BootstrapTokens] should delete the token secret when the secret expired" classname="Kubernetes e2e suite" time="0">
          <skipped></skipped>
      </testcase>
      <testcase name="[sig-storage] PV Protection Verify &#34;immediate&#34; deletion of a PV that is not bound to a PVC" classname="Kubernetes e2e suite" time="0">
          <skipped></skipped>
      </testcase>
      <testcase name="[sig-storage] EmptyDir wrapper volumes should not cause race condition when used for configmaps [Serial] [Slow]" classname="Kubernetes e2e suite" time="0">
          <skipped></skipped>
      </testcase>
      <testcase name="[sig-storage] PersistentVolumes-local  [Volume type: blockfs] Set fsGroup for local volume should set fsGroup for one pod" classname="Kubernetes e2e suite" time="0">
          <skipped></skipped>
      </testcase>
      <testcase name="[k8s.io] Variable Expansion should allow substituting values in a container&#39;s args [NodeConformance] [Conformance]" classname="Kubernetes e2e suite" time="16.38476944"></testcase>
      <testcase name="[sig-instrumentation] Stackdriver Monitoring should have accelerator metrics [Feature:StackdriverAcceleratorMonitoring]" classname="Kubernetes e2e suite" time="0">
          <skipped></skipped>
      </testcase>
      <testcase name="[k8s.io] InitContainer [NodeConformance] should not start app containers if init containers fail on a RestartAlways pod" classname="Kubernetes e2e suite" time="0">
          <skipped></skipped>
      </testcase>
      <testcase name="[sig-apps] Daemon set [Serial] should update pod when spec was updated and update strategy is RollingUpdate [Conformance]" classname="Kubernetes e2e suite" time="26.85437192"></testcase>
      <testcase name="[sig-storage] Subpath [Volume type: nfsPVC] should support non-existent path" classname="Kubernetes e2e suite" time="0">
          <skipped></skipped>
      </testcase>
      <testcase name="[sig-storage] EmptyDir volumes should support (root,0644,default) [NodeConformance] [Conformance]" classname="Kubernetes e2e suite" time="8.3857224"></testcase>
      <testcase name="[sig-auth] PodSecurityPolicy should allow pods under the privileged extensions.PodSecurityPolicy" classname="Kubernetes e2e suite" time="0">
          <skipped></skipped>
      </testcase>
      <testcase name="[sig-network] Services should be able to switch session affinity for NodePort service" classname="Kubernetes e2e suite" time="0">
          <skipped></skipped>
      </testcase>
      <testcase name="[sig-storage] Subpath [Volume type: gluster] should fail if subpath with backstepping is outside the volume [Slow]" classname="Kubernetes e2e suite" time="0">
          <skipped></skipped>
      </testcase>
      <testcase name="[sig-storage] Projected should be consumable from pods in volume as non-root with FSGroup [NodeFeature:FSGroup]" classname="Kubernetes e2e suite" time="0">
          <skipped></skipped>
      </testcase>
      <testcase name="[sig-network] Networking Granular Checks: Services [Slow] should update endpoints: http" classname="Kubernetes e2e suite" time="0">
          <skipped></skipped>
      </testcase>
      <testcase name="[sig-storage] Subpath [Volume type: gcePDPartitioned] should support restarting containers using directory as subpath [Slow]" classname="Kubernetes e2e suite" time="0">
          <skipped></skipped>
      </testcase>
      <testcase name="[sig-storage] Projected should be consumable from pods in volume as non-root with defaultMode and fsGroup set [NodeFeature:FSGroup]" classname="Kubernetes e2e suite" time="0">
          <skipped></skipped>
      </testcase>
      <testcase name="[sig-storage] PVC Protection Verify &#34;immediate&#34; deletion of a PVC that is not in active use by a pod" classname="Kubernetes e2e suite" time="0">
          <skipped></skipped>
      </testcase>
      <testcase name="[sig-storage] GenericPersistentVolume[Disruptive] When kubelet restarts Should test that a file written to the mount before kubelet restart is readable after restart." classname="Kubernetes e2e suite" time="0">
          <skipped></skipped>
      </testcase>
      <testcase name="[sig-apps] Job should delete a job" classname="Kubernetes e2e suite" time="0">
          <skipped></skipped>
      </testcase>
      <testcase name="[sig-apps] Deployment RollingUpdateDeployment should delete old pods and create new ones" classname="Kubernetes e2e suite" time="0">
          <skipped></skipped>
      </testcase>
      <testcase name="[sig-cluster-lifecycle] kube-proxy migration [Feature:KubeProxyDaemonSetMigration] Upgrade kube-proxy from static pods to a DaemonSet should maintain a functioning cluster [Feature:KubeProxyDaemonSetUpgrade]" classname="Kubernetes e2e suite" time="0">
          <skipped></skipped>
      </testcase>
      <testcase name="[sig-apps] StatefulSet [k8s.io] Basic StatefulSet functionality [StatefulSetBasic] Should recreate evicted statefulset [Conformance]" classname="Kubernetes e2e suite" time="24.45257564"></testcase>
      <testcase name="[sig-storage] HostPath should support existing single file subPath" classname="Kubernetes e2e suite" time="0">
          <skipped></skipped>
      </testcase>
      <testcase name="[sig-storage] Subpath [Volume type: emptyDir] should support restarting containers using directory as subpath [Slow]" classname="Kubernetes e2e suite" time="0">
          <skipped></skipped>
      </testcase>
      <testcase name="[sig-storage] Subpath [Volume type: emptyDir] should fail for new directories when readOnly specified in the volumeSource" classname="Kubernetes e2e suite" time="0">
          <skipped></skipped>
      </testcase>
      <testcase name="[sig-storage] Volume Disk Size [Feature:vsphere] verify dynamically provisioned pv using storageclass with an invalid disk size fails" classname="Kubernetes e2e suite" time="0">
          <skipped></skipped>
      </testcase>
      <testcase name="[sig-network] Loadbalancing: L7 GCE [Slow] [Feature:kubemci] should remove clusters as expected" classname="Kubernetes e2e suite" time="0">
          <skipped></skipped>
      </testcase>
      <testcase name="[sig-network] Services should be able to create an internal type load balancer [Slow] [DisabledForLargeClusters]" classname="Kubernetes e2e suite" time="0">
          <skipped></skipped>
      </testcase>
      <testcase name="[sig-autoscaling] Cluster size autoscaling [Slow] shouldn&#39;t scale down when non expendable pod is running [Feature:ClusterSizeAutoscalingScaleDown]" classname="Kubernetes e2e suite" time="0">
          <skipped></skipped>
      </testcase>
      <testcase name="[sig-storage] Pod Disks schedule pods each with a PD, delete pod and verify detach [Slow] for RW PD with pod delete grace period of &#34;default (30s)&#34;" classname="Kubernetes e2e suite" time="0">
          <skipped></skipped>
      </testcase>
      <testcase name="[sig-apps] Deployment deployment reaping should cascade to its replica sets and pods" classname="Kubernetes e2e suite" time="0">
          <skipped></skipped>
      </testcase>
      <testcase name="[sig-apps] CronJob should delete successful finished jobs with limit of one successful job" classname="Kubernetes e2e suite" time="0">
          <skipped></skipped>
      </testcase>
      <testcase name="[k8s.io] Probing container should have monotonically increasing restart count [Slow][NodeConformance] [Conformance]" classname="Kubernetes e2e suite" time="154.71945988"></testcase>
      <testcase name="[sig-storage] PersistentVolumes-local  [Volume type: block] [Feature:BlockVolume] Two pods mounting a local volume one after the other should be able to write from pod1 and read from pod2" classname="Kubernetes e2e suite" time="0">
          <skipped></skipped>
      </testcase>
      <testcase name="[sig-storage] PersistentVolumes-local  [Volume type: dir-link] Set fsGroup for local volume should not set different fsGroups for two pods simultaneously" classname="Kubernetes e2e suite" time="0">
          <skipped></skipped>
      </testcase>
      <testcase name="[sig-storage] Node Unregister [Feature:vsphere] [Slow] [Disruptive] node unregister" classname="Kubernetes e2e suite" time="0">
          <skipped></skipped>
      </testcase>
      <testcase name="[sig-api-machinery] Initializers [Feature:Initializers] will be set to nil if a patch removes the last pending initializer" classname="Kubernetes e2e suite" time="0">
          <skipped></skipped>
      </testcase>
      <testcase name="[k8s.io] [sig-node] Security Context [Feature:SecurityContext] should support seccomp alpha runtime/default annotation [Feature:Seccomp]" classname="Kubernetes e2e suite" time="0">
          <skipped></skipped>
      </testcase>
      <testcase name="[sig-storage] Subpath [Volume type: gcePDPartitioned] should fail if subpath file is outside the volume [Slow]" classname="Kubernetes e2e suite" time="0">
          <skipped></skipped>
      </testcase>
      <testcase name="[sig-autoscaling] Cluster size autoscaling [Slow] should increase cluster size if pending pods are small and there is another node pool that is not autoscaled [Feature:ClusterSizeAutoscalingScaleUp]" classname="Kubernetes e2e suite" time="0">
          <skipped></skipped>
      </testcase>
      <testcase name="[sig-network] NetworkPolicy NetworkPolicy between server and client should enforce policy based on NamespaceSelector [Feature:NetworkPolicy]" classname="Kubernetes e2e suite" time="0">
          <skipped></skipped>
      </testcase>
      <testcase name="[sig-storage] Subpath [Volume type: gcePDPVC] should support restarting containers using directory as subpath [Slow]" classname="Kubernetes e2e suite" time="0">
          <skipped></skipped>
      </testcase>
      <testcase name="[sig-autoscaling] [HPA] Horizontal pod autoscaling (scale resource: CPU) [sig-autoscaling] ReplicationController light Should scale from 1 pod to 2 pods" classname="Kubernetes e2e suite" time="0">
          <skipped></skipped>
      </testcase>
      <testcase name="[k8s.io] [sig-node] Kubelet [Serial] [Slow] [k8s.io] [sig-node] experimental resource usage tracking [Feature:ExperimentalResourceUsageTracking] resource tracking for 100 pods per node" classname="Kubernetes e2e suite" time="0">
          <skipped></skipped>
      </testcase>
      <testcase name="[sig-apps] StatefulSet [k8s.io] Deploy clustered applications [Feature:StatefulSet] [Slow] should creating a working CockroachDB cluster" classname="Kubernetes e2e suite" time="0">
          <skipped></skipped>
      </testcase>
      <testcase name="[sig-network] Loadbalancing: L7 GCE [Slow] [Feature:kubemci] should conform to Ingress spec" classname="Kubernetes e2e suite" time="0">
          <skipped></skipped>
      </testcase>
      <testcase name="[sig-network] Loadbalancing: L7 GCE [Slow] [Feature:Ingress] multicluster ingress should get instance group annotation" classname="Kubernetes e2e suite" time="0">
          <skipped></skipped>
      </testcase>
      <testcase name="[sig-cli] Kubectl client [k8s.io] Update Demo should create and stop a replication controller  [Conformance]" classname="Kubernetes e2e suite" time="15.17534742"></testcase>
      <testcase name="[sig-storage] PersistentVolumes-local  [Volume type: dir-link] Set fsGroup for local volume should set different fsGroup for second pod if first pod is deleted" classname="Kubernetes e2e suite" time="0">
          <skipped></skipped>
      </testcase>
      <testcase name="[sig-storage] Dynamic Provisioning DynamicProvisioner should provision storage with mount options" classname="Kubernetes e2e suite" time="0">
          <skipped></skipped>
      </testcase>
      <testcase name="[sig-cli] Kubectl client [k8s.io] Kubectl cluster-info should check if Kubernetes master services is included in cluster-info  [Conformance]" classname="Kubernetes e2e suite" time="6.65098292"></testcase>
      <testcase name="[sig-storage] Subpath [Volume type: hostPath] should fail if subpath with backstepping is outside the volume [Slow]" classname="Kubernetes e2e suite" time="0">
          <skipped></skipped>
      </testcase>
      <testcase name="[sig-scalability] Load capacity [Feature:ManualPerformance] should be able to handle 30 pods per node { Random} with 0 secrets, 0 configmaps and 0 daemons" classname="Kubernetes e2e suite" time="0">
          <skipped></skipped>
      </testcase>
      <testcase name="[sig-storage] Subpath [Volume type: gluster] should support restarting containers using file as subpath [Slow]" classname="Kubernetes e2e suite" time="0">
          <skipped></skipped>
      </testcase>
      <testcase name="[k8s.io] Sysctls [NodeFeature:Sysctls] should reject invalid sysctls" classname="Kubernetes e2e suite" time="0">
          <skipped></skipped>
      </testcase>
      <testcase name="[sig-cli] Kubectl client [k8s.io] Kubectl run CronJob should create a CronJob" classname="Kubernetes e2e suite" time="0">
          <skipped></skipped>
      </testcase>
      <testcase name="[sig-storage] Downward API volume should provide podname as non-root with fsgroup [NodeFeature:FSGroup]" classname="Kubernetes e2e suite" time="0">
          <skipped></skipped>
      </testcase>
      <testcase name="[sig-network] Services should be able to change the type from ClusterIP to ExternalName" classname="Kubernetes e2e suite" time="0">
          <skipped></skipped>
      </testcase>
      <testcase name="[sig-storage] PersistentVolumes GCEPD should test that deleting the PV before the pod does not cause pod deletion to fail on PD detach" classname="Kubernetes e2e suite" time="0">
          <skipped></skipped>
      </testcase>
      <testcase name="[sig-network] Networking Granular Checks: Services [Slow] should function for client IP based session affinity: udp" classname="Kubernetes e2e suite" time="0">
          <skipped></skipped>
      </testcase>
      <testcase name="[k8s.io] [sig-node] Security Context [Feature:SecurityContext] should support volume SELinux relabeling when using hostPID" classname="Kubernetes e2e suite" time="0">
          <skipped></skipped>
      </testcase>
      <testcase name="[sig-storage] Projected should be consumable from pods in volume with mappings [NodeConformance] [Conformance]" classname="Kubernetes e2e suite" time="8.36805776"></testcase>
      <testcase name="[k8s.io] InitContainer [NodeConformance] should invoke init containers on a RestartAlways pod" classname="Kubernetes e2e suite" time="0">
          <skipped></skipped>
      </testcase>
      <testcase name="[sig-autoscaling] [HPA] Horizontal pod autoscaling (scale resource: Custom Metrics from Stackdriver) should scale up with two External metrics from Stackdriver [Feature:CustomMetricsAutoscaling]" classname="Kubernetes e2e suite" time="0">
          <skipped></skipped>
      </testcase>
      <testcase name="[sig-storage] Pod Disks schedule pods each with a PD, delete pod and verify detach [Slow] for read-only PD with pod delete grace period of &#34;default (30s)&#34;" classname="Kubernetes e2e suite" time="0">
          <skipped></skipped>
      </testcase>
      <testcase name="[sig-storage] Subpath [Volume type: gluster] should support non-existent path" classname="Kubernetes e2e suite" time="0">
          <skipped></skipped>
      </testcase>
      <testcase name="[sig-storage] ConfigMap binary data should be reflected in volume [NodeConformance]" classname="Kubernetes e2e suite" time="0">
          <skipped></skipped>
      </testcase>
      <testcase name="[sig-storage] EmptyDir wrapper volumes should not cause race condition when used for git_repo [Serial] [Slow]" classname="Kubernetes e2e suite" time="0">
          <skipped></skipped>
      </testcase>
      <testcase name="[sig-cli] Kubectl client [k8s.io] Kubectl taint [Serial] should update the taint on a node" classname="Kubernetes e2e suite" time="0">
          <skipped></skipped>
      </testcase>
      <testcase name="[sig-storage] Volume plugin streaming [Slow] NFS should write files of various sizes, verify size, validate content" classname="Kubernetes e2e suite" time="0">
          <skipped></skipped>
      </testcase>
      <testcase name="[sig-autoscaling] Cluster size autoscaling [Slow] Should scale down GPU pool from 1 [GpuType:nvidia-tesla-p100] [Feature:ClusterSizeAutoscalingGpu]" classname="Kubernetes e2e suite" time="0">
          <skipped></skipped>
      </testcase>
      <testcase name="[sig-storage] EmptyDir volumes should support (root,0644,tmpfs) [NodeConformance] [Conformance]" classname="Kubernetes e2e suite" time="8.3784379"></testcase>
      <testcase name="[sig-cluster-lifecycle] Reboot [Disruptive] [Feature:Reboot] each node by dropping all outbound packets for a while and ensure they function afterwards" classname="Kubernetes e2e suite" time="0">
          <skipped></skipped>
      </testcase>
      <testcase name="[sig-storage] Secrets should be consumable from pods in volume with defaultMode set [NodeConformance] [Conformance]" classname="Kubernetes e2e suite" time="8.3766405"></testcase>
      <testcase name="[sig-storage] Dynamic Provisioning [k8s.io] GlusterDynamicProvisioner should create and delete persistent volumes [fast]" classname="Kubernetes e2e suite" time="0">
          <skipped></skipped>
      </testcase>
      <testcase name="[sig-api-machinery] Garbage collector should orphan pods created by rc if delete options say so [Conformance]" classname="Kubernetes e2e suite" time="46.37242166"></testcase>
      <testcase name="[sig-storage] Projected should be consumable from pods in volume with defaultMode set [NodeConformance] [Conformance]" classname="Kubernetes e2e suite" time="10.42072374"></testcase>
      <testcase name="[sig-network] Loadbalancing: L7 GCE [Slow] [Feature:NEG] should be able to switch between IG and NEG modes" classname="Kubernetes e2e suite" time="0">
          <skipped></skipped>
      </testcase>
      <testcase name="[sig-network] Loadbalancing: L7 GCE [Slow] [Feature:Ingress] should create ingress with backend HTTPS" classname="Kubernetes e2e suite" time="0">
          <skipped></skipped>
      </testcase>
      <testcase name="[sig-api-machinery] Garbage collector should orphan pods created by rc if deleteOptions.OrphanDependents is nil" classname="Kubernetes e2e suite" time="0">
          <skipped></skipped>
      </testcase>
      <testcase name="[sig-storage] PersistentVolumes-local  [Volume type: tmpfs] Two pods mounting a local volume one after the other should be able to write from pod1 and read from pod2" classname="Kubernetes e2e suite" time="0">
          <skipped></skipped>
      </testcase>
      <testcase name="[sig-auth] ServiceAccounts should mount an API token into pods  [Conformance]" classname="Kubernetes e2e suite" time="14.98944288"></testcase>
      <testcase name="[sig-auth] PodSecurityPolicy should enforce the restricted extensions.PodSecurityPolicy" classname="Kubernetes e2e suite" time="0">
          <skipped></skipped>
      </testcase>
      <testcase name="[sig-storage] Volume Provisioning On Clustered Datastore [Feature:vsphere] verify dynamic provision with spbm policy on clustered datastore" classname="Kubernetes e2e suite" time="0">
          <skipped></skipped>
      </testcase>
      <testcase name="[sig-apps] Deployment iterative rollouts should eventually progress" classname="Kubernetes e2e suite" time="0">
          <skipped></skipped>
      </testcase>
      <testcase name="[sig-storage] Subpath [Volume type: gluster] should unmount if pod is force deleted while kubelet is down [Disruptive][Slow]" classname="Kubernetes e2e suite" time="0">
          <skipped></skipped>
      </testcase>
      <testcase name="[sig-network] DNS should provide DNS for services  [Conformance]" classname="Kubernetes e2e suite" time="40.57459722"></testcase>
      <testcase name="[sig-apps] DaemonRestart [Disruptive] Controller Manager should not create/delete replicas across restart" classname="Kubernetes e2e suite" time="0">
          <skipped></skipped>
      </testcase>
      <testcase name="[k8s.io] [sig-node] Pod garbage collector [Feature:PodGarbageCollector] [Slow] should handle the creation of 1000 pods" classname="Kubernetes e2e suite" time="0">
          <skipped></skipped>
      </testcase>
      <testcase name="[sig-apps] Job should adopt matching orphans and release non-matching pods" classname="Kubernetes e2e suite" time="0">
          <skipped></skipped>
      </testcase>
      <testcase name="[sig-storage] EmptyDir volumes volume on tmpfs should have the correct mode [NodeConformance] [Conformance]" classname="Kubernetes e2e suite" time="8.3752116"></testcase>
      <testcase name="[sig-storage] Subpath [Volume type: hostPathSymlink] should support restarting containers using file as subpath [Slow]" classname="Kubernetes e2e suite" time="0">
          <skipped></skipped>
      </testcase>
      <testcase name="[sig-storage] PersistentVolumes-local  [Volume type: dir] Two pods mounting a local volume one after the other should be able to write from pod1 and read from pod2" classname="Kubernetes e2e suite" time="0">
          <skipped></skipped>
      </testcase>
      <testcase name="[sig-scalability] Load capacity [Feature:ManualPerformance] should be able to handle 30 pods per node { ReplicationController} with 0 secrets, 0 configmaps and 0 daemons with quotas" classname="Kubernetes e2e suite" time="0">
          <skipped></skipped>
      </testcase>
      <testcase name="[sig-cli] Kubectl client [k8s.io] Kubectl apply apply set/view last-applied" classname="Kubernetes e2e suite" time="0">
          <skipped></skipped>
      </testcase>
      <testcase name="[sig-storage] Subpath [Volume type: hostPath] should unmount if pod is force deleted while kubelet is down [Disruptive][Slow]" classname="Kubernetes e2e suite" time="0">
          <skipped></skipped>
      </testcase>
      <testcase name="[sig-api-machinery] Etcd failure [Disruptive] should recover from network partition with master" classname="Kubernetes e2e suite" time="0">
          <skipped></skipped>
      </testcase>
      <testcase name="[sig-storage] Volumes PD should be mountable with ext4" classname="Kubernetes e2e suite" time="0">
          <skipped></skipped>
      </testcase>
      <testcase name="[sig-network] Networking Granular Checks: Services [Slow] should function for node-Service: http" classname="Kubernetes e2e suite" time="0">
          <skipped></skipped>
      </testcase>
      <testcase name="[sig-storage] Subpath [Volume type: gcePDPVC] should fail if subpath file is outside the volume [Slow]" classname="Kubernetes e2e suite" time="0">
          <skipped></skipped>
      </testcase>
      <testcase name="[sig-storage] PersistentVolumes:vsphere should test that deleting the Namespace of a PVC and Pod causes the successful detach of vsphere volume" classname="Kubernetes e2e suite" time="0">
          <skipped></skipped>
      </testcase>
      <testcase name="[sig-storage] GCP Volumes NFSv3 should be mountable for NFSv3" classname="Kubernetes e2e suite" time="0">
          <skipped></skipped>
      </testcase>
      <testcase name="[sig-cli] Kubectl client [k8s.io] Kubectl patch should add annotations for pods in rc  [Conformance]" classname="Kubernetes e2e suite" time="26.27658148"></testcase>
      <testcase name="[sig-storage] Subpath [Volume type: gluster] should support creating multiple subpath from same volumes [Slow]" classname="Kubernetes e2e suite" time="0">
          <skipped></skipped>
      </testcase>
      <testcase name="[sig-storage] [Serial] Volume metrics should create prometheus metrics for volume provisioning and attach/detach" classname="Kubernetes e2e suite" time="0">
          <skipped></skipped>
      </testcase>
      <testcase name="[k8s.io] Probing container with readiness probe should not be ready before initial delay and never restart [NodeConformance] [Conformance]" classname="Kubernetes e2e suite" time="42.3483872"></testcase>
      <testcase name="[sig-autoscaling] Cluster size autoscaling [Slow] Should scale up GPU pool from 1 [GpuType:nvidia-tesla-v100] [Feature:ClusterSizeAutoscalingGpu]" classname="Kubernetes e2e suite" time="0">
          <skipped></skipped>
      </testcase>
      <testcase name="[sig-cluster-lifecycle] HA-master [Feature:HAMaster] survive addition/removal replicas same zone [Serial][Disruptive]" classname="Kubernetes e2e suite" time="0">
          <skipped></skipped>
      </testcase>
      <testcase name="[sig-storage] Volumes NFS should be mountable" classname="Kubernetes e2e suite" time="0">
          <skipped></skipped>
      </testcase>
      <testcase name="[sig-autoscaling] Cluster size autoscaling [Slow] should correctly scale down after a node is not needed and one node is broken [Feature:ClusterSizeAutoscalingScaleDown]" classname="Kubernetes e2e suite" time="0">
          <skipped></skipped>
      </testcase>
      <testcase name="[sig-api-machinery] AdmissionWebhook Should deny crd creation" classname="Kubernetes e2e suite" time="0">
          <skipped></skipped>
      </testcase>
      <testcase name="[sig-cluster-lifecycle] ingress Downgrade [Feature:IngressDowngrade] ingress downgrade should maintain a functioning ingress" classname="Kubernetes e2e suite" time="0">
          <skipped></skipped>
      </testcase>
      <testcase name="[sig-cli] Kubectl client [k8s.io] Guestbook application should create and stop a working application  [Conformance]" classname="Kubernetes e2e suite" time="48.70155626"></testcase>
      <testcase name="[k8s.io] Probing container should *not* be restarted with a /healthz http liveness probe [NodeConformance] [Conformance]" classname="Kubernetes e2e suite" time="248.94296094"></testcase>
      <testcase name="[sig-cluster-lifecycle] [Feature:BootstrapTokens] should delete the signed bootstrap tokens from clusterInfo ConfigMap when bootstrap token is deleted" classname="Kubernetes e2e suite" time="0">
          <skipped></skipped>
      </testcase>
      <testcase name="[sig-cluster-lifecycle] etcd Upgrade [Feature:EtcdUpgrade] etcd upgrade should maintain a functioning cluster" classname="Kubernetes e2e suite" time="0">
          <skipped></skipped>
      </testcase>
      <testcase name="[sig-storage] Subpath [Volume type: nfsPVC] should support restarting containers using file as subpath [Slow]" classname="Kubernetes e2e suite" time="0">
          <skipped></skipped>
      </testcase>
      <testcase name="[sig-apps] StatefulSet [k8s.io] Basic StatefulSet functionality [StatefulSetBasic] Scaling should happen in predictable order and halt if any stateful pod is unhealthy [Conformance]" classname="Kubernetes e2e suite" time="381.3571023"></testcase>
      <testcase name="[k8s.io] EquivalenceCache [Serial] validates pod anti-affinity works properly when new replica pod is scheduled" classname="Kubernetes e2e suite" time="0">
          <skipped></skipped>
      </testcase>
      <testcase name="[sig-storage] Regional PD RegionalPD should provision storage [Slow]" classname="Kubernetes e2e suite" time="0">
          <skipped></skipped>
      </testcase>
      <testcase name="[sig-storage] NFSPersistentVolumes[Disruptive][Flaky] when kubelet restarts Should test that a file written to the mount before kubelet restart is readable after restart." classname="Kubernetes e2e suite" time="0">
          <skipped></skipped>
      </testcase>
      <testcase name="[sig-cli] Kubectl client [k8s.io] Kubectl label should update the label on a resource  [Conformance]" classname="Kubernetes e2e suite" time="11.30329742"></testcase>
      <testcase name="[sig-network] NetworkPolicy NetworkPolicy between server and client should enforce policy based on Ports [Feature:NetworkPolicy]" classname="Kubernetes e2e suite" time="0">
          <skipped></skipped>
      </testcase>
      <testcase name="[sig-network] Loadbalancing: L7 GCE [Slow] [Feature:NEG] rolling update backend pods should not cause service disruption" classname="Kubernetes e2e suite" time="0">
          <skipped></skipped>
      </testcase>
      <testcase name="[sig-storage] Volume Attach Verify [Feature:vsphere][Serial][Disruptive] verify volume remains attached after master kubelet restart" classname="Kubernetes e2e suite" time="0">
          <skipped></skipped>
      </testcase>
      <testcase name="[k8s.io] [sig-node] SSH should SSH to all nodes and run commands" classname="Kubernetes e2e suite" time="0">
          <skipped></skipped>
      </testcase>
      <testcase name="[sig-storage] PersistentVolumes NFS with Single PV - PVC pairs should create a non-pre-bound PV and PVC: test write access " classname="Kubernetes e2e suite" time="0">
          <skipped></skipped>
      </testcase>
      <testcase name="[sig-storage] Subpath [Volume type: gcePDPartitioned] should support existing single file" classname="Kubernetes e2e suite" time="0">
          <skipped></skipped>
      </testcase>
      <testcase name="[sig-network] Services should use same NodePort with same port but different protocols" classname="Kubernetes e2e suite" time="0">
          <skipped></skipped>
      </testcase>
      <testcase name="[sig-autoscaling] Cluster size autoscaling [Slow] Should scale up GPU pool from 1 [GpuType:nvidia-tesla-k80] [Feature:ClusterSizeAutoscalingGpu]" classname="Kubernetes e2e suite" time="0">
          <skipped></skipped>
      </testcase>
      <testcase name="[sig-storage] Projected should be consumable from pods in volume with mappings and Item Mode set [NodeConformance] [Conformance]" classname="Kubernetes e2e suite" time="8.39538798"></testcase>
      <testcase name="[sig-storage] Verify Volume Attach Through vpxd Restart [Feature:vsphere][Serial][Disruptive] verify volume remains attached through vpxd restart" classname="Kubernetes e2e suite" time="0">
          <skipped></skipped>
      </testcase>
      <testcase name="[sig-storage] EmptyDir volumes should support (non-root,0644,tmpfs) [NodeConformance] [Conformance]" classname="Kubernetes e2e suite" time="8.37838362"></testcase>
      <testcase name="[sig-storage] Secrets should be consumable from pods in volume [NodeConformance] [Conformance]" classname="Kubernetes e2e suite" time="8.37854914"></testcase>
      <testcase name="[sig-api-machinery] Downward API should provide pod name, namespace and IP address as env vars [NodeConformance] [Conformance]" classname="Kubernetes e2e suite" time="16.39822176"></testcase>
      <testcase name="[sig-autoscaling] Cluster size autoscaling [Slow] shouldn&#39;t increase cluster size if pending pod is too large [Feature:ClusterSizeAutoscalingScaleUp]" classname="Kubernetes e2e suite" time="0">
          <skipped></skipped>
      </testcase>
      <testcase name="[k8s.io] Pods should contain environment variables for services [NodeConformance] [Conformance]" classname="Kubernetes e2e suite" time="34.43817832"></testcase>
      <testcase name="[k8s.io] Probing container should *not* be restarted with a exec &#34;cat /tmp/health&#34; liveness probe [NodeConformance] [Conformance]" classname="Kubernetes e2e suite" time="254.93650532"></testcase>
      <testcase name="[sig-storage] Pod Disks schedule pods each with a PD, delete pod and verify detach [Slow] for RW PD with pod delete grace period of &#34;immediate (0s)&#34;" classname="Kubernetes e2e suite" time="0">
          <skipped></skipped>
      </testcase>
      <testcase name="[sig-storage] Dynamic Provisioning DynamicProvisioner Default should create and delete default persistent volumes [Slow]" classname="Kubernetes e2e suite" time="0">
          <skipped></skipped>
      </testcase>
      <testcase name="[sig-storage] EmptyDir volumes when FSGroup is specified [NodeFeature:FSGroup] new files should be created with FSGroup ownership when container is root" classname="Kubernetes e2e suite" time="0">
          <skipped></skipped>
      </testcase>
      <testcase name="[sig-network] Services should be able to create a functioning NodePort service" classname="Kubernetes e2e suite" time="0">
          <skipped></skipped>
      </testcase>
      <testcase name="[sig-storage] ConfigMap optional updates should be reflected in volume [NodeConformance] [Conformance]" classname="Kubernetes e2e suite" time="90.95101334"></testcase>
      <testcase name="[sig-api-machinery] AdmissionWebhook Should be able to deny custom resource creation" classname="Kubernetes e2e suite" time="0">
          <skipped></skipped>
      </testcase>
      <testcase name="[sig-cluster-lifecycle] HA-master [Feature:HAMaster] survive addition/removal replicas different zones [Serial][Disruptive]" classname="Kubernetes e2e suite" time="0">
          <skipped></skipped>
      </testcase>
      <testcase name="[sig-network] Networking Granular Checks: Pods should function for node-pod communication: udp [NodeConformance] [Conformance]" classname="Kubernetes e2e suite" time="43.76284178"></testcase>
      <testcase name="[sig-apps] Deployment deployment should support rollover" classname="Kubernetes e2e suite" time="0">
          <skipped></skipped>
      </testcase>
      <testcase name="[sig-scalability] Density [Feature:Performance] should allow starting 30 pods per node using { ReplicationController} with 0 secrets, 0 configmaps and 0 daemons" classname="Kubernetes e2e suite" time="0">
          <skipped></skipped>
      </testcase>
      <testcase name="[sig-api-machinery] Garbage collector should delete jobs and pods created by cronjob" classname="Kubernetes e2e suite" time="0">
          <skipped></skipped>
      </testcase>
      <testcase name="[sig-storage] PersistentVolumes-local  [Volume type: dir-link] Set fsGroup for local volume should set same fsGroup for two pods simultaneously" classname="Kubernetes e2e suite" time="0">
          <skipped></skipped>
      </testcase>
      <testcase name="[sig-apps] ReplicationController should serve a basic image on each replica with a private image" classname="Kubernetes e2e suite" time="0">
          <skipped></skipped>
      </testcase>
      <testcase name="[sig-storage] HostPath should support r/w [NodeConformance]" classname="Kubernetes e2e suite" time="0">
          <skipped></skipped>
      </testcase>
      <testcase name="[sig-scheduling] ResourceQuota should create a ResourceQuota and capture the life of a service." classname="Kubernetes e2e suite" time="0">
          <skipped></skipped>
      </testcase>
      <testcase name="[sig-autoscaling] Cluster size autoscaling [Slow] should be able to scale down by draining system pods with pdb[Feature:ClusterSizeAutoscalingScaleDown]" classname="Kubernetes e2e suite" time="0">
          <skipped></skipped>
      </testcase>
      <testcase name="[sig-auth] PodSecurityPolicy should forbid pod creation when no PSP is available" classname="Kubernetes e2e suite" time="0">
          <skipped></skipped>
      </testcase>
      <testcase name="[sig-storage] Subpath [Volume type: nfs] should support creating multiple subpath from same volumes [Slow]" classname="Kubernetes e2e suite" time="0">
          <skipped></skipped>
      </testcase>
      <testcase name="[sig-storage] PersistentVolumes-local  [Volume type: dir-link] One pod requesting one prebound PVC should be able to mount volume and write from pod1" classname="Kubernetes e2e suite" time="0">
          <skipped></skipped>
      </testcase>
      <testcase name="[sig-storage] Flexvolumes [Disruptive] should be mountable when attachable" classname="Kubernetes e2e suite" time="0">
          <skipped></skipped>
      </testcase>
      <testcase name="[sig-instrumentation] [Feature:PrometheusMonitoring] Prometheus should scrape metrics from annotated pods." classname="Kubernetes e2e suite" time="0">
          <skipped></skipped>
      </testcase>
      <testcase name="[sig-storage] GenericPersistentVolume[Disruptive] When kubelet restarts Should test that a volume mounted to a pod that is force deleted while the kubelet is down unmounts when the kubelet returns." classname="Kubernetes e2e suite" time="0">
          <skipped></skipped>
      </testcase>
      <testcase name="[k8s.io] GKE node pools [Feature:GKENodePool] should create a cluster with multiple node pools [Feature:GKENodePool]" classname="Kubernetes e2e suite" time="0">
          <skipped></skipped>
      </testcase>
      <testcase name="[k8s.io] InitContainer [NodeConformance] should invoke init containers on a RestartNever pod" classname="Kubernetes e2e suite" time="0">
          <skipped></skipped>
      </testcase>
      <testcase name="[sig-storage] Subpath [Volume type: gcePDPartitioned] should support creating multiple subpath from same volumes [Slow]" classname="Kubernetes e2e suite" time="0">
          <skipped></skipped>
      </testcase>
      <testcase name="[sig-storage] ConfigMap should be consumable in multiple volumes in the same pod [NodeConformance] [Conformance]" classname="Kubernetes e2e suite" time="8.37963626"></testcase>
      <testcase name="[sig-cluster-lifecycle] Reboot [Disruptive] [Feature:Reboot] each node by ordering clean reboot and ensure they function upon restart" classname="Kubernetes e2e suite" time="0">
          <skipped></skipped>
      </testcase>
      <testcase name="[sig-storage] Subpath [Volume type: hostPath] should support restarting containers using directory as subpath [Slow]" classname="Kubernetes e2e suite" time="0">
          <skipped></skipped>
      </testcase>
      <testcase name="[sig-instrumentation] Stackdriver Monitoring should run Custom Metrics - Stackdriver Adapter for old resource model [Feature:StackdriverCustomMetrics]" classname="Kubernetes e2e suite" time="0">
          <skipped></skipped>
      </testcase>
      <testcase name="[sig-cli] Kubectl Port forwarding [k8s.io] With a server listening on localhost [k8s.io] that expects NO client request should support a client that connects, sends DATA, and disconnects" classname="Kubernetes e2e suite" time="0">
          <skipped></skipped>
      </testcase>
      <testcase name="[sig-storage] PersistentVolumes-local  [Volume type: block] [Feature:BlockVolume] Set fsGroup for local volume should not set different fsGroups for two pods simultaneously" classname="Kubernetes e2e suite" time="0">
          <skipped></skipped>
      </testcase>
      <testcase name="[sig-cli] Kubectl client [k8s.io] Simple pod should support port-forward" classname="Kubernetes e2e suite" time="0">
          <skipped></skipped>
      </testcase>
      <testcase name="[sig-storage] Subpath [Volume type: emptyDir] should unmount if pod is force deleted while kubelet is down [Disruptive][Slow]" classname="Kubernetes e2e suite" time="0">
          <skipped></skipped>
      </testcase>
      <testcase name="[sig-cli] Kubectl client [k8s.io] Kubectl logs should be able to retrieve and filter logs  [Conformance]" classname="Kubernetes e2e suite" time="14.46294418"></testcase>
      <testcase name="[sig-storage] Subpath [Volume type: gcePDPVC] should support existing directory" classname="Kubernetes e2e suite" time="0">
          <skipped></skipped>
      </testcase>
      <testcase name="[sig-cluster-lifecycle] [Feature:BootstrapTokens] should not delete the token secret when the secret is not expired" classname="Kubernetes e2e suite" time="0">
          <skipped></skipped>
      </testcase>
      <testcase name="[sig-apps] StatefulSet [k8s.io] Deploy clustered applications [Feature:StatefulSet] [Slow] should creating a working redis cluster" classname="Kubernetes e2e suite" time="0">
          <skipped></skipped>
      </testcase>
      <testcase name="[sig-apps] DisruptionController evictions: too few pods, replicaSet, percentage =&gt; should not allow an eviction" classname="Kubernetes e2e suite" time="0">
          <skipped></skipped>
      </testcase>
      <testcase name="[sig-cli] Kubectl Port forwarding [k8s.io] With a server listening on 0.0.0.0 [k8s.io] that expects a client request should support a client that connects, sends DATA, and disconnects" classname="Kubernetes e2e suite" time="0">
          <skipped></skipped>
      </testcase>
      <testcase name="[sig-storage] PersistentVolumes-local  [Volume type: dir-link] Two pods mounting a local volume one after the other should be able to write from pod1 and read from pod2" classname="Kubernetes e2e suite" time="0">
          <skipped></skipped>
      </testcase>
      <testcase name="[sig-storage] Subpath [Volume type: gcePDPartitioned] should support readOnly directory specified in the volumeMount" classname="Kubernetes e2e suite" time="0">
          <skipped></skipped>
      </testcase>
      <testcase name="[sig-storage] Projected should provide node allocatable (memory) as default memory limit if the limit is not set [NodeConformance] [Conformance]" classname="Kubernetes e2e suite" time="8.38473626"></testcase>
      <testcase name="[sig-storage] Subpath [Volume type: hostPathSymlink] should support non-existent path" classname="Kubernetes e2e suite" time="0">
          <skipped></skipped>
      </testcase>
      <testcase name="[sig-cli] Kubectl client [k8s.io] Proxy server should support proxy with --port 0  [Conformance]" classname="Kubernetes e2e suite" time="6.61825476"></testcase>
      <testcase name="[sig-storage] PersistentVolumes-local  Local volume provisioner [Serial] should not create local persistent volume for filesystem volume that was not bind mounted" classname="Kubernetes e2e suite" time="0">
          <skipped></skipped>
      </testcase>
      <testcase name="[k8s.io] [sig-node] Pods Extended [k8s.io] Pods Set QOS Class should be submitted and removed  [Conformance]" classname="Kubernetes e2e suite" time="22.34140432"></testcase>
      <testcase name="[sig-api-machinery] Servers with support for Table transformation should return pod details" classname="Kubernetes e2e suite" time="0">
          <skipped></skipped>
      </testcase>
      <testcase name="[sig-storage] EmptyDir volumes should support (non-root,0666,default) [NodeConformance] [Conformance]" classname="Kubernetes e2e suite" time="8.37897994"></testcase>
      <testcase name="[sig-autoscaling] Cluster size autoscaling [Slow] should add node to the particular mig [Feature:ClusterSizeAutoscalingScaleUp]" classname="Kubernetes e2e suite" time="0">
          <skipped></skipped>
      </testcase>
      <testcase name="[sig-autoscaling] Cluster size autoscaling [Slow] should be able to scale down when rescheduling a pod is required and pdb allows for it[Feature:ClusterSizeAutoscalingScaleDown]" classname="Kubernetes e2e suite" time="0">
          <skipped></skipped>
      </testcase>
      <testcase name="[sig-autoscaling] [HPA] Horizontal pod autoscaling (scale resource: Custom Metrics from Stackdriver) should scale up with two metrics of type Pod from Stackdriver [Feature:CustomMetricsAutoscaling]" classname="Kubernetes e2e suite" time="0">
          <skipped></skipped>
      </testcase>
      <testcase name="[sig-storage] Subpath [Volume type: nfsPVC] should support file as subpath" classname="Kubernetes e2e suite" time="0">
          <skipped></skipped>
      </testcase>
      <testcase name="[sig-scheduling] SchedulerPredicates [Serial] validates that NodeSelector is respected if matching  [Conformance]" classname="Kubernetes e2e suite" time="78.49019094"></testcase>
      <testcase name="[sig-cluster-lifecycle] Restart [Disruptive] should restart all nodes and ensure all nodes and pods recover" classname="Kubernetes e2e suite" time="0">
          <skipped></skipped>
      </testcase>
      <testcase name="[sig-apps] DisruptionController should create a PodDisruptionBudget" classname="Kubernetes e2e suite" time="0">
          <skipped></skipped>
      </testcase>
      <testcase name="[sig-autoscaling] Cluster size autoscaling [Slow] should scale down when expendable pod is running [Feature:ClusterSizeAutoscalingScaleDown]" classname="Kubernetes e2e suite" time="0">
          <skipped></skipped>
      </testcase>
      <testcase name="[k8s.io] [Feature:Example] [k8s.io] CassandraStatefulSet should create statefulset" classname="Kubernetes e2e suite" time="0">
          <skipped></skipped>
      </testcase>
      <testcase name="[sig-cli] Kubectl client [k8s.io] Kubectl rolling-update should support rolling-update to same image  [Conformance]" classname="Kubernetes e2e suite" time="40.08239148"></testcase>
      <testcase name="[sig-storage] Subpath [Volume type: hostPathSymlink] should support file as subpath" classname="Kubernetes e2e suite" time="0">
          <skipped></skipped>
      </testcase>
      <testcase name="[sig-cli] Kubectl client [k8s.io] Kubectl run deployment should create a deployment from an image  [Conformance]" classname="Kubernetes e2e suite" time="25.04331428"></testcase>
      <testcase name="[sig-scheduling] ResourceQuota should verify ResourceQuota with terminating scopes." classname="Kubernetes e2e suite" time="0">
          <skipped></skipped>
      </testcase>
      <testcase name="[sig-instrumentation] [Feature:PrometheusMonitoring] Prometheus should successfully scrape all targets" classname="Kubernetes e2e suite" time="0">
          <skipped></skipped>
      </testcase>
      <testcase name="[sig-storage] Subpath [Volume type: emptyDir] should unmount if pod is gracefully deleted while kubelet is down [Disruptive][Slow]" classname="Kubernetes e2e suite" time="0">
          <skipped></skipped>
      </testcase>
      <testcase name="[sig-auth] [Feature:NodeAuthorizer] Getting a non-existent configmap should exit with the Forbidden error, not a NotFound error" classname="Kubernetes e2e suite" time="0">
          <skipped></skipped>
      </testcase>
      <testcase name="[sig-storage] PVC Protection Verify that scheduling of a pod that uses PVC that is being deleted fails and the pod becomes Unschedulable" classname="Kubernetes e2e suite" time="0">
          <skipped></skipped>
      </testcase>
      <testcase name="[sig-network] Loadbalancing: L7 GCE [Slow] [Feature:Ingress] should be able to switch between HTTPS and HTTP2 modes" classname="Kubernetes e2e suite" time="0">
          <skipped></skipped>
      </testcase>
      <testcase name="[sig-api-machinery] CustomResourceDefinition resources Simple CustomResourceDefinition creating/deleting custom resource definition objects works  [Conformance]" classname="Kubernetes e2e suite" time="7.53078546"></testcase>
      <testcase name="[k8s.io] [Feature:Example] [k8s.io] Hazelcast should create and scale hazelcast" classname="Kubernetes e2e suite" time="0">
          <skipped></skipped>
      </testcase>
      <testcase name="[sig-apps] Job should exceed backoffLimit" classname="Kubernetes e2e suite" time="0">
          <skipped></skipped>
      </testcase>
      <testcase name="[sig-storage] Downward API volume should provide node allocatable (cpu) as default cpu limit if the limit is not set [NodeConformance] [Conformance]" classname="Kubernetes e2e suite" time="8.36610812"></testcase>
      <testcase name="[sig-storage] Volumes PD should be mountable with ext3" classname="Kubernetes e2e suite" time="0">
          <skipped></skipped>
      </testcase>
      <testcase name="[sig-scalability] Density [Feature:ManualPerformance] should allow starting 30 pods per node using {batch Job} with 0 secrets, 0 configmaps and 0 daemons" classname="Kubernetes e2e suite" time="0">
          <skipped></skipped>
      </testcase>
      <testcase name="[k8s.io] Docker Containers should use the image defaults if command and args are blank [NodeConformance] [Conformance]" classname="Kubernetes e2e suite" time="10.37999872"></testcase>
      <testcase name="[sig-autoscaling] [Feature:ClusterSizeAutoscalingScaleUp] [Slow] Autoscaling [sig-autoscaling] Autoscaling a service from 1 pod and 3 nodes to 8 pods and &gt;=4 nodes takes less than 15 minutes" classname="Kubernetes e2e suite" time="0">
          <skipped></skipped>
      </testcase>
      <testcase name="[sig-cli] Kubectl Port forwarding [k8s.io] With a server listening on localhost [k8s.io] that expects a client request should support a client that connects, sends NO DATA, and disconnects" classname="Kubernetes e2e suite" time="0">
          <skipped></skipped>
      </testcase>
      <testcase name="[sig-api-machinery] Downward API should provide default limits.cpu/memory from node allocatable [NodeConformance] [Conformance]" classname="Kubernetes e2e suite" time="309.26238116">
          <failure type="Failure">/root/gopath/src/k8s.io/kubernetes/_output/local/go/src/k8s.io/kubernetes/test/e2e/framework/framework.go:684&#xA;Expected error:&#xA;    &lt;*errors.errorString | 0x4421629300&gt;: {&#xA;        s: &#34;expected pod \&#34;downward-api-3d932d2b-b4a1-11e8-bc45-00073e906c7f\&#34; success: Gave up after waiting 5m0s for pod \&#34;downward-api-3d932d2b-b4a1-11e8-bc45-00073e906c7f\&#34; to be \&#34;success or failure\&#34;&#34;,&#xA;    }&#xA;    expected pod &#34;downward-api-3d932d2b-b4a1-11e8-bc45-00073e906c7f&#34; success: Gave up after waiting 5m0s for pod &#34;downward-api-3d932d2b-b4a1-11e8-bc45-00073e906c7f&#34; to be &#34;success or failure&#34;&#xA;not to have occurred&#xA;/root/gopath/src/k8s.io/kubernetes/_output/local/go/src/k8s.io/kubernetes/test/e2e/framework/util.go:2325</failure>
          <system-out>[BeforeEach] [sig-api-machinery] Downward API&#xA;  /root/gopath/src/k8s.io/kubernetes/_output/local/go/src/k8s.io/kubernetes/test/e2e/framework/framework.go:141&#xA;�[1mSTEP�[0m: Creating a kubernetes client&#xA;Sep 10 02:28:44.892: INFO: &gt;&gt;&gt; kubeConfig: /etc/kubernetes/admin.conf&#xA;�[1mSTEP�[0m: Building a namespace api object&#xA;�[1mSTEP�[0m: Waiting for a default service account to be provisioned in namespace&#xA;[It] should provide default limits.cpu/memory from node allocatable [NodeConformance] [Conformance]&#xA;  /root/gopath/src/k8s.io/kubernetes/_output/local/go/src/k8s.io/kubernetes/test/e2e/framework/framework.go:684&#xA;�[1mSTEP�[0m: Creating a pod to test downward api env vars&#xA;Sep 10 02:28:45.067: INFO: Waiting up to 5m0s for pod &#34;downward-api-3d932d2b-b4a1-11e8-bc45-00073e906c7f&#34; in namespace &#34;e2e-tests-downward-api-gdnw9&#34; to be &#34;success or failure&#34;&#xA;Sep 10 02:28:45.072: INFO: Pod &#34;downward-api-3d932d2b-b4a1-11e8-bc45-00073e906c7f&#34;: Phase=&#34;Pending&#34;, Reason=&#34;&#34;, readiness=false. Elapsed: 4.69626ms&#xA;Sep 10 02:28:47.078: INFO: Pod &#34;downward-api-3d932d2b-b4a1-11e8-bc45-00073e906c7f&#34;: Phase=&#34;Pending&#34;, Reason=&#34;&#34;, readiness=false. Elapsed: 2.01001638s&#xA;Sep 10 02:28:49.083: INFO: Pod &#34;downward-api-3d932d2b-b4a1-11e8-bc45-00073e906c7f&#34;: Phase=&#34;Pending&#34;, Reason=&#34;&#34;, readiness=false. Elapsed: 4.0152064s&#xA;Sep 10 02:28:51.088: INFO: Pod &#34;downward-api-3d932d2b-b4a1-11e8-bc45-00073e906c7f&#34;: Phase=&#34;Pending&#34;, Reason=&#34;&#34;, readiness=false. Elapsed: 6.02034962s&#xA;Sep 10 02:28:53.093: INFO: Pod &#34;downward-api-3d932d2b-b4a1-11e8-bc45-00073e906c7f&#34;: Phase=&#34;Pending&#34;, Reason=&#34;&#34;, readiness=false. Elapsed: 8.02531854s&#xA;Sep 10 02:28:55.098: INFO: Pod &#34;downward-api-3d932d2b-b4a1-11e8-bc45-00073e906c7f&#34;: Phase=&#34;Pending&#34;, Reason=&#34;&#34;, readiness=false. Elapsed: 10.03040312s&#xA;Sep 10 02:28:57.104: INFO: Pod &#34;downward-api-3d932d2b-b4a1-11e8-bc45-00073e906c7f&#34;: Phase=&#34;Pending&#34;, Reason=&#34;&#34;, readiness=false. Elapsed: 12.03614522s&#xA;Sep 10 02:28:59.109: INFO: Pod &#34;downward-api-3d932d2b-b4a1-11e8-bc45-00073e906c7f&#34;: Phase=&#34;Pending&#34;, Reason=&#34;&#34;, readiness=false. Elapsed: 14.04128536s&#xA;Sep 10 02:29:01.114: INFO: Pod &#34;downward-api-3d932d2b-b4a1-11e8-bc45-00073e906c7f&#34;: Phase=&#34;Pending&#34;, Reason=&#34;&#34;, readiness=false. Elapsed: 16.04646526s&#xA;Sep 10 02:29:03.119: INFO: Pod &#34;downward-api-3d932d2b-b4a1-11e8-bc45-00073e906c7f&#34;: Phase=&#34;Pending&#34;, Reason=&#34;&#34;, readiness=false. Elapsed: 18.05158362s&#xA;Sep 10 02:29:05.124: INFO: Pod &#34;downward-api-3d932d2b-b4a1-11e8-bc45-00073e906c7f&#34;: Phase=&#34;Pending&#34;, Reason=&#34;&#34;, readiness=false. Elapsed: 20.0565167s&#xA;Sep 10 02:29:07.129: INFO: Pod &#34;downward-api-3d932d2b-b4a1-11e8-bc45-00073e906c7f&#34;: Phase=&#34;Pending&#34;, Reason=&#34;&#34;, readiness=false. Elapsed: 22.06185132s&#xA;Sep 10 02:29:09.135: INFO: Pod &#34;downward-api-3d932d2b-b4a1-11e8-bc45-00073e906c7f&#34;: Phase=&#34;Pending&#34;, Reason=&#34;&#34;, readiness=false. Elapsed: 24.06727486s&#xA;Sep 10 02:29:11.140: INFO: Pod &#34;downward-api-3d932d2b-b4a1-11e8-bc45-00073e906c7f&#34;: Phase=&#34;Pending&#34;, Reason=&#34;&#34;, readiness=false. Elapsed: 26.0727638s&#xA;Sep 10 02:29:13.146: INFO: Pod &#34;downward-api-3d932d2b-b4a1-11e8-bc45-00073e906c7f&#34;: Phase=&#34;Pending&#34;, Reason=&#34;&#34;, readiness=false. Elapsed: 28.07804472s&#xA;Sep 10 02:29:15.152: INFO: Pod &#34;downward-api-3d932d2b-b4a1-11e8-bc45-00073e906c7f&#34;: Phase=&#34;Pending&#34;, Reason=&#34;&#34;, readiness=false. Elapsed: 30.08405978s&#xA;Sep 10 02:29:17.157: INFO: Pod &#34;downward-api-3d932d2b-b4a1-11e8-bc45-00073e906c7f&#34;: Phase=&#34;Pending&#34;, Reason=&#34;&#34;, readiness=false. Elapsed: 32.08934214s&#xA;Sep 10 02:29:19.162: INFO: Pod &#34;downward-api-3d932d2b-b4a1-11e8-bc45-00073e906c7f&#34;: Phase=&#34;Pending&#34;, Reason=&#34;&#34;, readiness=false. Elapsed: 34.0946636s&#xA;Sep 10 02:29:21.167: INFO: Pod &#34;downward-api-3d932d2b-b4a1-11e8-bc45-00073e906c7f&#34;: Phase=&#34;Pending&#34;, Reason=&#34;&#34;, readiness=false. Elapsed: 36.09970858s&#xA;Sep 10 02:29:23.172: INFO: Pod &#34;downward-api-3d932d2b-b4a1-11e8-bc45-00073e906c7f&#34;: Phase=&#34;Pending&#34;, Reason=&#34;&#34;, readiness=false. Elapsed: 38.10447882s&#xA;Sep 10 02:29:25.177: INFO: Pod &#34;downward-api-3d932d2b-b4a1-11e8-bc45-00073e906c7f&#34;: Phase=&#34;Pending&#34;, Reason=&#34;&#34;, readiness=false. Elapsed: 40.10923662s&#xA;Sep 10 02:29:27.181: INFO: Pod &#34;downward-api-3d932d2b-b4a1-11e8-bc45-00073e906c7f&#34;: Phase=&#34;Pending&#34;, Reason=&#34;&#34;, readiness=false. Elapsed: 42.11396656s&#xA;Sep 10 02:29:29.187: INFO: Pod &#34;downward-api-3d932d2b-b4a1-11e8-bc45-00073e906c7f&#34;: Phase=&#34;Pending&#34;, Reason=&#34;&#34;, readiness=false. Elapsed: 44.11922732s&#xA;Sep 10 02:29:31.192: INFO: Pod &#34;downward-api-3d932d2b-b4a1-11e8-bc45-00073e906c7f&#34;: Phase=&#34;Pending&#34;, Reason=&#34;&#34;, readiness=false. Elapsed: 46.12440526s&#xA;Sep 10 02:29:33.197: INFO: Pod &#34;downward-api-3d932d2b-b4a1-11e8-bc45-00073e906c7f&#34;: Phase=&#34;Pending&#34;, Reason=&#34;&#34;, readiness=false. Elapsed: 48.1295526s&#xA;Sep 10 02:29:35.202: INFO: Pod &#34;downward-api-3d932d2b-b4a1-11e8-bc45-00073e906c7f&#34;: Phase=&#34;Pending&#34;, Reason=&#34;&#34;, readiness=false. Elapsed: 50.13444806s&#xA;Sep 10 02:29:37.207: INFO: Pod &#34;downward-api-3d932d2b-b4a1-11e8-bc45-00073e906c7f&#34;: Phase=&#34;Pending&#34;, Reason=&#34;&#34;, readiness=false. Elapsed: 52.13930376s&#xA;Sep 10 02:29:39.217: INFO: Pod &#34;downward-api-3d932d2b-b4a1-11e8-bc45-00073e906c7f&#34;: Phase=&#34;Pending&#34;, Reason=&#34;&#34;, readiness=false. Elapsed: 54.1495496s&#xA;Sep 10 02:29:41.222: INFO: Pod &#34;downward-api-3d932d2b-b4a1-11e8-bc45-00073e906c7f&#34;: Phase=&#34;Pending&#34;, Reason=&#34;&#34;, readiness=false. Elapsed: 56.15454336s&#xA;Sep 10 02:29:43.227: INFO: Pod &#34;downward-api-3d932d2b-b4a1-11e8-bc45-00073e906c7f&#34;: Phase=&#34;Pending&#34;, Reason=&#34;&#34;, readiness=false. Elapsed: 58.1596417s&#xA;Sep 10 02:29:45.232: INFO: Pod &#34;downward-api-3d932d2b-b4a1-11e8-bc45-00073e906c7f&#34;: Phase=&#34;Pending&#34;, Reason=&#34;&#34;, readiness=false. Elapsed: 1m0.16452802s&#xA;Sep 10 02:29:47.237: INFO: Pod &#34;downward-api-3d932d2b-b4a1-11e8-bc45-00073e906c7f&#34;: Phase=&#34;Pending&#34;, Reason=&#34;&#34;, readiness=false. Elapsed: 1m2.16953162s&#xA;Sep 10 02:29:49.242: INFO: Pod &#34;downward-api-3d932d2b-b4a1-11e8-bc45-00073e906c7f&#34;: Phase=&#34;Pending&#34;, Reason=&#34;&#34;, readiness=false. Elapsed: 1m4.17476674s&#xA;Sep 10 02:29:51.248: INFO: Pod &#34;downward-api-3d932d2b-b4a1-11e8-bc45-00073e906c7f&#34;: Phase=&#34;Pending&#34;, Reason=&#34;&#34;, readiness=false. Elapsed: 1m6.18018374s&#xA;Sep 10 02:29:53.253: INFO: Pod &#34;downward-api-3d932d2b-b4a1-11e8-bc45-00073e906c7f&#34;: Phase=&#34;Pending&#34;, Reason=&#34;&#34;, readiness=false. Elapsed: 1m8.1853386s&#xA;Sep 10 02:29:55.259: INFO: Pod &#34;downward-api-3d932d2b-b4a1-11e8-bc45-00073e906c7f&#34;: Phase=&#34;Pending&#34;, Reason=&#34;&#34;, readiness=false. Elapsed: 1m10.19147552s&#xA;Sep 10 02:29:57.265: INFO: Pod &#34;downward-api-3d932d2b-b4a1-11e8-bc45-00073e906c7f&#34;: Phase=&#34;Pending&#34;, Reason=&#34;&#34;, readiness=false. Elapsed: 1m12.19705254s&#xA;Sep 10 02:29:59.270: INFO: Pod &#34;downward-api-3d932d2b-b4a1-11e8-bc45-00073e906c7f&#34;: Phase=&#34;Pending&#34;, Reason=&#34;&#34;, readiness=false. Elapsed: 1m14.202249s&#xA;Sep 10 02:30:01.275: INFO: Pod &#34;downward-api-3d932d2b-b4a1-11e8-bc45-00073e906c7f&#34;: Phase=&#34;Pending&#34;, Reason=&#34;&#34;, readiness=false. Elapsed: 1m16.20737382s&#xA;Sep 10 02:30:03.280: INFO: Pod &#34;downward-api-3d932d2b-b4a1-11e8-bc45-00073e906c7f&#34;: Phase=&#34;Pending&#34;, Reason=&#34;&#34;, readiness=false. Elapsed: 1m18.2124317s&#xA;Sep 10 02:30:05.285: INFO: Pod &#34;downward-api-3d932d2b-b4a1-11e8-bc45-00073e906c7f&#34;: Phase=&#34;Pending&#34;, Reason=&#34;&#34;, readiness=false. Elapsed: 1m20.21792574s&#xA;Sep 10 02:30:07.291: INFO: Pod &#34;downward-api-3d932d2b-b4a1-11e8-bc45-00073e906c7f&#34;: Phase=&#34;Pending&#34;, Reason=&#34;&#34;, readiness=false. Elapsed: 1m22.22304066s&#xA;Sep 10 02:30:09.295: INFO: Pod &#34;downward-api-3d932d2b-b4a1-11e8-bc45-00073e906c7f&#34;: Phase=&#34;Pending&#34;, Reason=&#34;&#34;, readiness=false. Elapsed: 1m24.22795618s&#xA;Sep 10 02:30:11.300: INFO: Pod &#34;downward-api-3d932d2b-b4a1-11e8-bc45-00073e906c7f&#34;: Phase=&#34;Pending&#34;, Reason=&#34;&#34;, readiness=false. Elapsed: 1m26.23278404s&#xA;Sep 10 02:30:13.305: INFO: Pod &#34;downward-api-3d932d2b-b4a1-11e8-bc45-00073e906c7f&#34;: Phase=&#34;Pending&#34;, Reason=&#34;&#34;, readiness=false. Elapsed: 1m28.23781146s&#xA;Sep 10 02:30:15.310: INFO: Pod &#34;downward-api-3d932d2b-b4a1-11e8-bc45-00073e906c7f&#34;: Phase=&#34;Pending&#34;, Reason=&#34;&#34;, readiness=false. Elapsed: 1m30.24276568s&#xA;Sep 10 02:30:17.315: INFO: Pod &#34;downward-api-3d932d2b-b4a1-11e8-bc45-00073e906c7f&#34;: Phase=&#34;Pending&#34;, Reason=&#34;&#34;, readiness=false. Elapsed: 1m32.24780546s&#xA;Sep 10 02:30:19.321: INFO: Pod &#34;downward-api-3d932d2b-b4a1-11e8-bc45-00073e906c7f&#34;: Phase=&#34;Pending&#34;, Reason=&#34;&#34;, readiness=false. Elapsed: 1m34.25315872s&#xA;Sep 10 02:30:21.326: INFO: Pod &#34;downward-api-3d932d2b-b4a1-11e8-bc45-00073e906c7f&#34;: Phase=&#34;Pending&#34;, Reason=&#34;&#34;, readiness=false. Elapsed: 1m36.25881424s&#xA;Sep 10 02:30:23.332: INFO: Pod &#34;downward-api-3d932d2b-b4a1-11e8-bc45-00073e906c7f&#34;: Phase=&#34;Pending&#34;, Reason=&#34;&#34;, readiness=false. Elapsed: 1m38.26412546s&#xA;Sep 10 02:30:25.336: INFO: Pod &#34;downward-api-3d932d2b-b4a1-11e8-bc45-00073e906c7f&#34;: Phase=&#34;Pending&#34;, Reason=&#34;&#34;, readiness=false. Elapsed: 1m40.26894292s&#xA;Sep 10 02:30:27.341: INFO: Pod &#34;downward-api-3d932d2b-b4a1-11e8-bc45-00073e906c7f&#34;: Phase=&#34;Pending&#34;, Reason=&#34;&#34;, readiness=false. Elapsed: 1m42.27388496s&#xA;Sep 10 02:30:29.346: INFO: Pod &#34;downward-api-3d932d2b-b4a1-11e8-bc45-00073e906c7f&#34;: Phase=&#34;Pending&#34;, Reason=&#34;&#34;, readiness=false. Elapsed: 1m44.27893508s&#xA;Sep 10 02:30:31.352: INFO: Pod &#34;downward-api-3d932d2b-b4a1-11e8-bc45-00073e906c7f&#34;: Phase=&#34;Pending&#34;, Reason=&#34;&#34;, readiness=false. Elapsed: 1m46.2842569s&#xA;Sep 10 02:30:33.357: INFO: Pod &#34;downward-api-3d932d2b-b4a1-11e8-bc45-00073e906c7f&#34;: Phase=&#34;Pending&#34;, Reason=&#34;&#34;, readiness=false. Elapsed: 1m48.2895356s&#xA;Sep 10 02:30:35.362: INFO: Pod &#34;downward-api-3d932d2b-b4a1-11e8-bc45-00073e906c7f&#34;: Phase=&#34;Pending&#34;, Reason=&#34;&#34;, readiness=false. Elapsed: 1m50.29433422s&#xA;Sep 10 02:30:37.367: INFO: Pod &#34;downward-api-3d932d2b-b4a1-11e8-bc45-00073e906c7f&#34;: Phase=&#34;Pending&#34;, Reason=&#34;&#34;, readiness=false. Elapsed: 1m52.29931862s&#xA;Sep 10 02:30:39.372: INFO: Pod &#34;downward-api-3d932d2b-b4a1-11e8-bc45-00073e906c7f&#34;: Phase=&#34;Pending&#34;, Reason=&#34;&#34;, readiness=false. Elapsed: 1m54.30471242s&#xA;Sep 10 02:30:41.377: INFO: Pod &#34;downward-api-3d932d2b-b4a1-11e8-bc45-00073e906c7f&#34;: Phase=&#34;Pending&#34;, Reason=&#34;&#34;, readiness=false. Elapsed: 1m56.30951074s&#xA;Sep 10 02:30:43.382: INFO: Pod &#34;downward-api-3d932d2b-b4a1-11e8-bc45-00073e906c7f&#34;: Phase=&#34;Pending&#34;, Reason=&#34;&#34;, readiness=false. Elapsed: 1m58.31434068s&#xA;Sep 10 02:30:45.387: INFO: Pod &#34;downward-api-3d932d2b-b4a1-11e8-bc45-00073e906c7f&#34;: Phase=&#34;Pending&#34;, Reason=&#34;&#34;, readiness=false. Elapsed: 2m0.31900456s&#xA;Sep 10 02:30:47.391: INFO: Pod &#34;downward-api-3d932d2b-b4a1-11e8-bc45-00073e906c7f&#34;: Phase=&#34;Pending&#34;, Reason=&#34;&#34;, readiness=false. Elapsed: 2m2.3239863s&#xA;Sep 10 02:30:49.397: INFO: Pod &#34;downward-api-3d932d2b-b4a1-11e8-bc45-00073e906c7f&#34;: Phase=&#34;Pending&#34;, Reason=&#34;&#34;, readiness=false. Elapsed: 2m4.32915s&#xA;Sep 10 02:30:51.402: INFO: Pod &#34;downward-api-3d932d2b-b4a1-11e8-bc45-00073e906c7f&#34;: Phase=&#34;Pending&#34;, Reason=&#34;&#34;, readiness=false. Elapsed: 2m6.334225s&#xA;Sep 10 02:30:53.407: INFO: Pod &#34;downward-api-3d932d2b-b4a1-11e8-bc45-00073e906c7f&#34;: Phase=&#34;Pending&#34;, Reason=&#34;&#34;, readiness=false. Elapsed: 2m8.33914428s&#xA;Sep 10 02:30:55.411: INFO: Pod &#34;downward-api-3d932d2b-b4a1-11e8-bc45-00073e906c7f&#34;: Phase=&#34;Pending&#34;, Reason=&#34;&#34;, readiness=false. Elapsed: 2m10.34374658s&#xA;Sep 10 02:30:57.416: INFO: Pod &#34;downward-api-3d932d2b-b4a1-11e8-bc45-00073e906c7f&#34;: Phase=&#34;Pending&#34;, Reason=&#34;&#34;, readiness=false. Elapsed: 2m12.34853998s&#xA;Sep 10 02:30:59.421: INFO: Pod &#34;downward-api-3d932d2b-b4a1-11e8-bc45-00073e906c7f&#34;: Phase=&#34;Pending&#34;, Reason=&#34;&#34;, readiness=false. Elapsed: 2m14.35349478s&#xA;Sep 10 02:31:01.426: INFO: Pod &#34;downward-api-3d932d2b-b4a1-11e8-bc45-00073e906c7f&#34;: Phase=&#34;Pending&#34;, Reason=&#34;&#34;, readiness=false. Elapsed: 2m16.35881012s&#xA;Sep 10 02:31:03.431: INFO: Pod &#34;downward-api-3d932d2b-b4a1-11e8-bc45-00073e906c7f&#34;: Phase=&#34;Pending&#34;, Reason=&#34;&#34;, readiness=false. Elapsed: 2m18.36373426s&#xA;Sep 10 02:31:05.436: INFO: Pod &#34;downward-api-3d932d2b-b4a1-11e8-bc45-00073e906c7f&#34;: Phase=&#34;Pending&#34;, Reason=&#34;&#34;, readiness=false. Elapsed: 2m20.36830346s&#xA;Sep 10 02:31:07.441: INFO: Pod &#34;downward-api-3d932d2b-b4a1-11e8-bc45-00073e906c7f&#34;: Phase=&#34;Pending&#34;, Reason=&#34;&#34;, readiness=false. Elapsed: 2m22.3732464s&#xA;Sep 10 02:31:09.446: INFO: Pod &#34;downward-api-3d932d2b-b4a1-11e8-bc45-00073e906c7f&#34;: Phase=&#34;Pending&#34;, Reason=&#34;&#34;, readiness=false. Elapsed: 2m24.37821844s&#xA;Sep 10 02:31:11.451: INFO: Pod &#34;downward-api-3d932d2b-b4a1-11e8-bc45-00073e906c7f&#34;: Phase=&#34;Pending&#34;, Reason=&#34;&#34;, readiness=false. Elapsed: 2m26.3831008s&#xA;Sep 10 02:31:13.455: INFO: Pod &#34;downward-api-3d932d2b-b4a1-11e8-bc45-00073e906c7f&#34;: Phase=&#34;Pending&#34;, Reason=&#34;&#34;, readiness=false. Elapsed: 2m28.38794376s&#xA;Sep 10 02:31:15.460: INFO: Pod &#34;downward-api-3d932d2b-b4a1-11e8-bc45-00073e906c7f&#34;: Phase=&#34;Pending&#34;, Reason=&#34;&#34;, readiness=false. Elapsed: 2m30.39262762s&#xA;Sep 10 02:31:17.465: INFO: Pod &#34;downward-api-3d932d2b-b4a1-11e8-bc45-00073e906c7f&#34;: Phase=&#34;Pending&#34;, Reason=&#34;&#34;, readiness=false. Elapsed: 2m32.39782s&#xA;Sep 10 02:31:19.470: INFO: Pod &#34;downward-api-3d932d2b-b4a1-11e8-bc45-00073e906c7f&#34;: Phase=&#34;Pending&#34;, Reason=&#34;&#34;, readiness=false. Elapsed: 2m34.40266792s&#xA;Sep 10 02:31:21.475: INFO: Pod &#34;downward-api-3d932d2b-b4a1-11e8-bc45-00073e906c7f&#34;: Phase=&#34;Pending&#34;, Reason=&#34;&#34;, readiness=false. Elapsed: 2m36.4078902s&#xA;Sep 10 02:31:23.480: INFO: Pod &#34;downward-api-3d932d2b-b4a1-11e8-bc45-00073e906c7f&#34;: Phase=&#34;Pending&#34;, Reason=&#34;&#34;, readiness=false. Elapsed: 2m38.41291936s&#xA;Sep 10 02:31:25.485: INFO: Pod &#34;downward-api-3d932d2b-b4a1-11e8-bc45-00073e906c7f&#34;: Phase=&#34;Pending&#34;, Reason=&#34;&#34;, readiness=false. Elapsed: 2m40.41785014s&#xA;Sep 10 02:31:27.490: INFO: Pod &#34;downward-api-3d932d2b-b4a1-11e8-bc45-00073e906c7f&#34;: Phase=&#34;Pending&#34;, Reason=&#34;&#34;, readiness=false. Elapsed: 2m42.42280538s&#xA;Sep 10 02:31:29.495: INFO: Pod &#34;downward-api-3d932d2b-b4a1-11e8-bc45-00073e906c7f&#34;: Phase=&#34;Pending&#34;, Reason=&#34;&#34;, readiness=false. Elapsed: 2m44.4278636s&#xA;Sep 10 02:31:31.500: INFO: Pod &#34;downward-api-3d932d2b-b4a1-11e8-bc45-00073e906c7f&#34;: Phase=&#34;Pending&#34;, Reason=&#34;&#34;, readiness=false. Elapsed: 2m46.43295332s&#xA;Sep 10 02:31:33.505: INFO: Pod &#34;downward-api-3d932d2b-b4a1-11e8-bc45-00073e906c7f&#34;: Phase=&#34;Pending&#34;, Reason=&#34;&#34;, readiness=false. Elapsed: 2m48.4379885s&#xA;Sep 10 02:31:35.510: INFO: Pod &#34;downward-api-3d932d2b-b4a1-11e8-bc45-00073e906c7f&#34;: Phase=&#34;Pending&#34;, Reason=&#34;&#34;, readiness=false. Elapsed: 2m50.44280664s&#xA;Sep 10 02:31:37.515: INFO: Pod &#34;downward-api-3d932d2b-b4a1-11e8-bc45-00073e906c7f&#34;: Phase=&#34;Pending&#34;, Reason=&#34;&#34;, readiness=false. Elapsed: 2m52.44783338s&#xA;Sep 10 02:31:39.521: INFO: Pod &#34;downward-api-3d932d2b-b4a1-11e8-bc45-00073e906c7f&#34;: Phase=&#34;Pending&#34;, Reason=&#34;&#34;, readiness=false. Elapsed: 2m54.45316642s&#xA;Sep 10 02:31:41.526: INFO: Pod &#34;downward-api-3d932d2b-b4a1-11e8-bc45-00073e906c7f&#34;: Phase=&#34;Pending&#34;, Reason=&#34;&#34;, readiness=false. Elapsed: 2m56.45825788s&#xA;Sep 10 02:31:43.531: INFO: Pod &#34;downward-api-3d932d2b-b4a1-11e8-bc45-00073e906c7f&#34;: Phase=&#34;Pending&#34;, Reason=&#34;&#34;, readiness=false. Elapsed: 2m58.46322614s&#xA;Sep 10 02:31:45.536: INFO: Pod &#34;downward-api-3d932d2b-b4a1-11e8-bc45-00073e906c7f&#34;: Phase=&#34;Pending&#34;, Reason=&#34;&#34;, readiness=false. Elapsed: 3m0.46815004s&#xA;Sep 10 02:31:47.541: INFO: Pod &#34;downward-api-3d932d2b-b4a1-11e8-bc45-00073e906c7f&#34;: Phase=&#34;Pending&#34;, Reason=&#34;&#34;, readiness=false. Elapsed: 3m2.47325644s&#xA;Sep 10 02:31:49.546: INFO: Pod &#34;downward-api-3d932d2b-b4a1-11e8-bc45-00073e906c7f&#34;: Phase=&#34;Pending&#34;, Reason=&#34;&#34;, readiness=false. Elapsed: 3m4.47831716s&#xA;Sep 10 02:31:51.551: INFO: Pod &#34;downward-api-3d932d2b-b4a1-11e8-bc45-00073e906c7f&#34;: Phase=&#34;Pending&#34;, Reason=&#34;&#34;, readiness=false. Elapsed: 3m6.48343094s&#xA;Sep 10 02:31:53.556: INFO: Pod &#34;downward-api-3d932d2b-b4a1-11e8-bc45-00073e906c7f&#34;: Phase=&#34;Pending&#34;, Reason=&#34;&#34;, readiness=false. Elapsed: 3m8.48856008s&#xA;Sep 10 02:31:55.561: INFO: Pod &#34;downward-api-3d932d2b-b4a1-11e8-bc45-00073e906c7f&#34;: Phase=&#34;Pending&#34;, Reason=&#34;&#34;, readiness=false. Elapsed: 3m10.4933575s&#xA;Sep 10 02:31:57.566: INFO: Pod &#34;downward-api-3d932d2b-b4a1-11e8-bc45-00073e906c7f&#34;: Phase=&#34;Pending&#34;, Reason=&#34;&#34;, readiness=false. Elapsed: 3m12.49801s&#xA;Sep 10 02:31:59.570: INFO: Pod &#34;downward-api-3d932d2b-b4a1-11e8-bc45-00073e906c7f&#34;: Phase=&#34;Pending&#34;, Reason=&#34;&#34;, readiness=false. Elapsed: 3m14.50297274s&#xA;Sep 10 02:32:01.576: INFO: Pod &#34;downward-api-3d932d2b-b4a1-11e8-bc45-00073e906c7f&#34;: Phase=&#34;Pending&#34;, Reason=&#34;&#34;, readiness=false. Elapsed: 3m16.50810182s&#xA;Sep 10 02:32:03.581: INFO: Pod &#34;downward-api-3d932d2b-b4a1-11e8-bc45-00073e906c7f&#34;: Phase=&#34;Pending&#34;, Reason=&#34;&#34;, readiness=false. Elapsed: 3m18.5131704s&#xA;Sep 10 02:32:05.586: INFO: Pod &#34;downward-api-3d932d2b-b4a1-11e8-bc45-00073e906c7f&#34;: Phase=&#34;Pending&#34;, Reason=&#34;&#34;, readiness=false. Elapsed: 3m20.5180026s&#xA;Sep 10 02:32:07.590: INFO: Pod &#34;downward-api-3d932d2b-b4a1-11e8-bc45-00073e906c7f&#34;: Phase=&#34;Pending&#34;, Reason=&#34;&#34;, readiness=false. Elapsed: 3m22.52271296s&#xA;Sep 10 02:32:09.595: INFO: Pod &#34;downward-api-3d932d2b-b4a1-11e8-bc45-00073e906c7f&#34;: Phase=&#34;Pending&#34;, Reason=&#34;&#34;, readiness=false. Elapsed: 3m24.52756398s&#xA;Sep 10 02:32:11.600: INFO: Pod &#34;downward-api-3d932d2b-b4a1-11e8-bc45-00073e906c7f&#34;: Phase=&#34;Pending&#34;, Reason=&#34;&#34;, readiness=false. Elapsed: 3m26.53259596s&#xA;Sep 10 02:32:13.605: INFO: Pod &#34;downward-api-3d932d2b-b4a1-11e8-bc45-00073e906c7f&#34;: Phase=&#34;Pending&#34;, Reason=&#34;&#34;, readiness=false. Elapsed: 3m28.53763504s&#xA;Sep 10 02:32:15.610: INFO: Pod &#34;downward-api-3d932d2b-b4a1-11e8-bc45-00073e906c7f&#34;: Phase=&#34;Pending&#34;, Reason=&#34;&#34;, readiness=false. Elapsed: 3m30.54250452s&#xA;Sep 10 02:32:17.615: INFO: Pod &#34;downward-api-3d932d2b-b4a1-11e8-bc45-00073e906c7f&#34;: Phase=&#34;Pending&#34;, Reason=&#34;&#34;, readiness=false. Elapsed: 3m32.54762344s&#xA;Sep 10 02:32:19.620: INFO: Pod &#34;downward-api-3d932d2b-b4a1-11e8-bc45-00073e906c7f&#34;: Phase=&#34;Pending&#34;, Reason=&#34;&#34;, readiness=false. Elapsed: 3m34.55258216s&#xA;Sep 10 02:32:21.625: INFO: Pod &#34;downward-api-3d932d2b-b4a1-11e8-bc45-00073e906c7f&#34;: Phase=&#34;Pending&#34;, Reason=&#34;&#34;, readiness=false. Elapsed: 3m36.55732764s&#xA;Sep 10 02:32:23.630: INFO: Pod &#34;downward-api-3d932d2b-b4a1-11e8-bc45-00073e906c7f&#34;: Phase=&#34;Pending&#34;, Reason=&#34;&#34;, readiness=false. Elapsed: 3m38.56250588s&#xA;Sep 10 02:32:25.635: INFO: Pod &#34;downward-api-3d932d2b-b4a1-11e8-bc45-00073e906c7f&#34;: Phase=&#34;Pending&#34;, Reason=&#34;&#34;, readiness=false. Elapsed: 3m40.56725124s&#xA;Sep 10 02:32:27.640: INFO: Pod &#34;downward-api-3d932d2b-b4a1-11e8-bc45-00073e906c7f&#34;: Phase=&#34;Pending&#34;, Reason=&#34;&#34;, readiness=false. Elapsed: 3m42.5720642s&#xA;Sep 10 02:32:29.644: INFO: Pod &#34;downward-api-3d932d2b-b4a1-11e8-bc45-00073e906c7f&#34;: Phase=&#34;Pending&#34;, Reason=&#34;&#34;, readiness=false
[...]
          <skipped></skipped>
      </testcase>
      <testcase name="[sig-scheduling] ResourceQuota should verify ResourceQuota with best effort scope." classname="Kubernetes e2e suite" time="0">
          <skipped></skipped>
      </testcase>
      <testcase name="[sig-storage] Subpath [Volume type: nfsPVC] should unmount if pod is force deleted while kubelet is down [Disruptive][Slow]" classname="Kubernetes e2e suite" time="0">
          <skipped></skipped>
      </testcase>
      <testcase name="[sig-storage] Subpath Atomic writer volumes should support subpaths with configmap pod with mountPath of existing file" classname="Kubernetes e2e suite" time="0">
          <skipped></skipped>
      </testcase>
      <testcase name="[sig-network] Services [Feature:GCEAlphaFeature][Slow] should be able to create and tear down a standard-tier load balancer [Slow]" classname="Kubernetes e2e suite" time="0">
          <skipped></skipped>
      </testcase>
      <testcase name="[sig-storage] PersistentVolumes-local  [Volume type: dir-bindmounted] Set fsGroup for local volume should set same fsGroup for two pods simultaneously" classname="Kubernetes e2e suite" time="0">
          <skipped></skipped>
      </testcase>
      <testcase name="[sig-scheduling] SchedulerPredicates [Serial] validates that there is no conflict between pods with same hostPort but different hostIP and protocol" classname="Kubernetes e2e suite" time="0">
          <skipped></skipped>
      </testcase>
      <testcase name="[sig-network] NetworkPolicy NetworkPolicy between server and client should allow ingress access on one named port [Feature:NetworkPolicy]" classname="Kubernetes e2e suite" time="0">
          <skipped></skipped>
      </testcase>
      <testcase name="[sig-storage] PersistentVolumes-local  Pod with node different from PV&#39;s NodeAffinity should fail scheduling due to different NodeAffinity" classname="Kubernetes e2e suite" time="0">
          <skipped></skipped>
      </testcase>
      <testcase name="[sig-storage] Projected should provide podname as non-root with fsgroup and defaultMode [NodeFeature:FSGroup]" classname="Kubernetes e2e suite" time="0">
          <skipped></skipped>
      </testcase>
      <testcase name="[k8s.io] [sig-node] Events should be sent by kubelets and the scheduler about pods scheduling and running  [Conformance]" classname="Kubernetes e2e suite" time="28.35867682"></testcase>
      <testcase name="[sig-instrumentation] Cluster level logging implemented by Stackdriver should ingest logs" classname="Kubernetes e2e suite" time="0">
          <skipped></skipped>
      </testcase>
      <testcase name="[sig-storage] PersistentVolumes-local  [Volume type: block] [Feature:BlockVolume] Set fsGroup for local volume should set same fsGroup for two pods simultaneously" classname="Kubernetes e2e suite" time="0">
          <skipped></skipped>
      </testcase>
      <testcase name="[sig-storage] PersistentVolumes [Feature:LabelSelector] [sig-storage] Selector-Label Volume Binding:vsphere should bind volume with claim for given label" classname="Kubernetes e2e suite" time="0">
          <skipped></skipped>
      </testcase>
      <testcase name="[sig-network] Loadbalancing: L7 GCE [Slow] [Feature:Ingress] should update ingress while sync failures occur on other ingresses" classname="Kubernetes e2e suite" time="0">
          <skipped></skipped>
      </testcase>
      <testcase name="[sig-network] Networking IPerf IPv4 [Experimental] [Feature:Networking-IPv4] [Slow] [Feature:Networking-Performance] should transfer ~ 1GB onto the service endpoint 1 servers (maximum of 1 clients)" classname="Kubernetes e2e suite" time="0">
          <skipped></skipped>
      </testcase>
      <testcase name="[sig-storage] Volume Placement should create and delete pod with the same volume source attach/detach to different worker nodes" classname="Kubernetes e2e suite" time="0">
          <skipped></skipped>
      </testcase>
      <testcase name="[sig-storage] ConfigMap should be consumable from pods in volume as non-root [NodeConformance] [Conformance]" classname="Kubernetes e2e suite" time="10.37606376"></testcase>
      <testcase name="[sig-network] Services should be able to change the type from ExternalName to NodePort" classname="Kubernetes e2e suite" time="0">
          <skipped></skipped>
      </testcase>
      <testcase name="[sig-network] Networking Granular Checks: Services [Slow] should function for client IP based session affinity: http" classname="Kubernetes e2e suite" time="0">
          <skipped></skipped>
      </testcase>
      <testcase name="[sig-storage] GCP Volumes GlusterFS should be mountable" classname="Kubernetes e2e suite" time="0">
          <skipped></skipped>
      </testcase>
      <testcase name="[sig-storage] Subpath [Volume type: hostPath] should support creating multiple subpath from same volumes [Slow]" classname="Kubernetes e2e suite" time="0">
          <skipped></skipped>
      </testcase>
      <testcase name="[sig-apps] StatefulSet [k8s.io] Basic StatefulSet functionality [StatefulSetBasic] should provide basic identity" classname="Kubernetes e2e suite" time="0">
          <skipped></skipped>
      </testcase>
      <testcase name="[sig-scalability] Density [Feature:HighDensityPerformance] should allow starting 95 pods per node using { ReplicationController} with 0 secrets, 0 configmaps and 0 daemons" classname="Kubernetes e2e suite" time="0">
          <skipped></skipped>
      </testcase>
      <testcase name="[sig-apps] DisruptionController evictions: maxUnavailable deny evictions, integer =&gt; should not allow an eviction" classname="Kubernetes e2e suite" time="0">
          <skipped></skipped>
      </testcase>
      <testcase name="[sig-storage] EmptyDir volumes should support (root,0666,tmpfs) [NodeConformance] [Conformance]" classname="Kubernetes e2e suite" time="8.38372744"></testcase>
      <testcase name="[sig-storage] GenericPersistentVolume[Disruptive] When kubelet restarts Should test that a volume mounted to a pod that is deleted while the kubelet is down unmounts when the kubelet returns." classname="Kubernetes e2e suite" time="0">
          <skipped></skipped>
      </testcase>
      <testcase name="[sig-storage] Downward API volume should provide container&#39;s memory limit [NodeConformance] [Conformance]" classname="Kubernetes e2e suite" time="8.36443692"></testcase>
      <testcase name="[sig-storage] PersistentVolumes-local  [Volume type: dir-link-bindmounted] Set fsGroup for local volume should set same fsGroup for two pods simultaneously" classname="Kubernetes e2e suite" time="0">
          <skipped></skipped>
      </testcase>
      <testcase name="[sig-storage] ConfigMap should be consumable from pods in volume [NodeConformance] [Conformance]" classname="Kubernetes e2e suite" time="8.38580312"></testcase>
      <testcase name="[sig-storage] PV Protection Verify that PV bound to a PVC is not removed immediately" classname="Kubernetes e2e suite" time="0">
          <skipped></skipped>
      </testcase>
      <testcase name="[sig-network] DNS should provide DNS for pods for Hostname and Subdomain" classname="Kubernetes e2e suite" time="0">
          <skipped></skipped>
      </testcase>
      <testcase name="[k8s.io] [sig-node] Pods Extended [k8s.io] Delete Grace Period should be submitted and removed  [Flaky] [Conformance]" classname="Kubernetes e2e suite" time="13.67429272"></testcase>
      <testcase name="[sig-instrumentation] [Feature:PrometheusMonitoring] Prometheus should scrape container metrics from all nodes." classname="Kubernetes e2e suite" time="0">
          <skipped></skipped>
      </testcase>
      <testcase name="[sig-storage] ConfigMap updates should be reflected in volume [NodeConformance] [Conformance]" classname="Kubernetes e2e suite" time="26.40063774"></testcase>
      <testcase name="[sig-scheduling] [Feature:GPUDevicePlugin] run Nvidia GPU Device Plugin tests on Container Optimized OS only" classname="Kubernetes e2e suite" time="0">
          <skipped></skipped>
      </testcase>
      <testcase name="[sig-storage] Subpath [Volume type: emptyDir] should fail if subpath file is outside the volume [Slow]" classname="Kubernetes e2e suite" time="0">
          <skipped></skipped>
      </testcase>
      <testcase name="[sig-storage] Subpath [Volume type: hostPathSymlink] should fail if subpath file is outside the volume [Slow]" classname="Kubernetes e2e suite" time="0">
          <skipped></skipped>
      </testcase>
      <testcase name="[k8s.io] [sig-node] Security Context [Feature:SecurityContext] should support volume SELinux relabeling when using hostIPC" classname="Kubernetes e2e suite" time="0">
          <skipped></skipped>
      </testcase>
      <testcase name="[sig-autoscaling] Cluster size autoscaling [Slow] Should scale up GPU pool from 0 [GpuType:nvidia-tesla-v100] [Feature:ClusterSizeAutoscalingGpu]" classname="Kubernetes e2e suite" time="0">
          <skipped></skipped>
      </testcase>
      <testcase name="[sig-storage] [Serial] Volume metrics PVController should create unbound pv count metrics for pvc controller after creating pv only" classname="Kubernetes e2e suite" time="0">
          <skipped></skipped>
      </testcase>
      <testcase name="[sig-storage] PersistentVolumes NFS with Single PV - PVC pairs create a PV and a pre-bound PVC: test write access" classname="Kubernetes e2e suite" time="0">
          <skipped></skipped>
      </testcase>
      <testcase name="[sig-storage] Subpath [Volume type: nfsPVC] should support restarting containers using directory as subpath [Slow]" classname="Kubernetes e2e suite" time="0">
          <skipped></skipped>
      </testcase>
      <testcase name="[sig-storage] Projected optional updates should be reflected in volume [NodeConformance] [Conformance]" classname="Kubernetes e2e suite" time="26.46550386"></testcase>
      <testcase name="[sig-storage] ConfigMap should be consumable from pods in volume with mappings as non-root with FSGroup [NodeFeature:FSGroup]" classname="Kubernetes e2e suite" time="0">
          <skipped></skipped>
      </testcase>
      <testcase name="[sig-storage] NFSPersistentVolumes[Disruptive][Flaky] when kube-controller-manager restarts should delete a bound PVC from a clientPod, restart the kube-control-manager, and ensure the kube-controller-manager does not crash" classname="Kubernetes e2e suite" time="0">
          <skipped></skipped>
      </testcase>
      <testcase name="[sig-network] Services should be able to switch session affinity for LoadBalancer service with ESIPP on [Slow] [DisabledForLargeClusters]" classname="Kubernetes e2e suite" time="0">
          <skipped></skipped>
      </testcase>
      <testcase name="[sig-scheduling] LimitRange should create a LimitRange with defaults and ensure pod has those defaults applied." classname="Kubernetes e2e suite" time="0">
          <skipped></skipped>
      </testcase>
      <testcase name="[sig-storage] PersistentVolumes-local  [Volume type: dir-bindmounted] One pod requesting one prebound PVC should be able to mount volume and write from pod1" classname="Kubernetes e2e suite" time="0">
          <skipped></skipped>
      </testcase>
      <testcase name="[sig-storage] PersistentVolumes-local  [Volume type: dir-link-bindmounted] One pod requesting one prebound PVC should be able to mount volume and write from pod1" classname="Kubernetes e2e suite" time="0">
          <skipped></skipped>
      </testcase>
      <testcase name="[sig-storage] Subpath [Volume type: gcePDPVC] should fail if subpath with backstepping is outside the volume [Slow]" classname="Kubernetes e2e suite" time="0">
          <skipped></skipped>
      </testcase>
      <testcase name="[k8s.io] Pods should have their auto-restart back-off timer reset on image update [Slow][NodeConformance]" classname="Kubernetes e2e suite" time="0">
          <skipped></skipped>
      </testcase>
      <testcase name="[sig-storage] Subpath [Volume type: emptyDir] should fail if subpath with backstepping is outside the volume [Slow]" classname="Kubernetes e2e suite" time="0">
          <skipped></skipped>
      </testcase>
      <testcase name="[sig-storage] PersistentVolumes-local  Pod with node different from PV&#39;s NodeAffinity should fail scheduling due to different NodeSelector" classname="Kubernetes e2e suite" time="0">
          <skipped></skipped>
      </testcase>
      <testcase name="[sig-cli] Kubectl client [k8s.io] Simple pod should return command exit codes" classname="Kubernetes e2e suite" time="0">
          <skipped></skipped>
      </testcase>
      <testcase name="[sig-api-machinery] Namespaces [Serial] should delete fast enough (90 percent of 100 namespaces in 150 seconds)" classname="Kubernetes e2e suite" time="0">
          <skipped></skipped>
      </testcase>
      <testcase name="[sig-storage] vcp at scale [Feature:vsphere]  vsphere scale tests" classname="Kubernetes e2e suite" time="0">
          <skipped></skipped>
      </testcase>
      <testcase name="[k8s.io] [sig-node] Mount propagation should propagate mounts to the host" classname="Kubernetes e2e suite" time="0">
          <skipped></skipped>
      </testcase>
      <testcase name="[sig-autoscaling] Cluster size autoscaling [Slow] should scale up when non expendable pod is created [Feature:ClusterSizeAutoscalingScaleUp]" classname="Kubernetes e2e suite" time="0">
          <skipped></skipped>
      </testcase>
      <testcase name="[sig-instrumentation] MetricsGrabber should grab all metrics from a Scheduler." classname="Kubernetes e2e suite" time="0">
          <skipped></skipped>
      </testcase>
      <testcase name="[sig-storage] PersistentVolumes-local  [Volume type: tmpfs] Two pods mounting a local volume at the same time should be able to write from pod1 and read from pod2" classname="Kubernetes e2e suite" time="0">
          <skipped></skipped>
      </testcase>
      <testcase name="[sig-storage] Subpath [Volume type: nfs] should support restarting containers using file as subpath [Slow]" classname="Kubernetes e2e suite" time="0">
          <skipped></skipped>
      </testcase>
      <testcase name="[sig-apps] Network Partition [Disruptive] [Slow] [k8s.io] [ReplicationController] should eagerly create replacement pod during network partition when termination grace is non-zero" classname="Kubernetes e2e suite" time="0">
          <skipped></skipped>
      </testcase>
      <testcase name="[sig-storage] Subpath [Volume type: gcePDPartitioned] should support restarting containers using file as subpath [Slow]" classname="Kubernetes e2e suite" time="0">
          <skipped></skipped>
      </testcase>
      <testcase name="[sig-storage] PersistentVolumes-local  [Volume type: dir-bindmounted] Two pods mounting a local volume one after the other should be able to write from pod1 and read from pod2" classname="Kubernetes e2e suite" time="0">
          <skipped></skipped>
      </testcase>
      <testcase name="[sig-storage] Subpath [Volume type: nfsPVC] should support existing single file" classname="Kubernetes e2e suite" time="0">
          <skipped></skipped>
      </testcase>
      <testcase name="[sig-network] Loadbalancing: L7 GCE [Slow] [Feature:Ingress] should not reconcile manually modified health check for ingress" classname="Kubernetes e2e suite" time="0">
          <skipped></skipped>
      </testcase>
      <testcase name="[sig-network] NoSNAT [Feature:NoSNAT] [Slow] Should be able to send traffic between Pods without SNAT" classname="Kubernetes e2e suite" time="0">
          <skipped></skipped>
      </testcase>
      <testcase name="[sig-storage] Dynamic Provisioning DynamicProvisioner should provision storage with non-default reclaim policy Retain" classname="Kubernetes e2e suite" time="0">
          <skipped></skipped>
      </testcase>
      <testcase name="[sig-cli] Kubectl client [k8s.io] Update Demo should do a rolling update of a replication controller  [Conformance]" classname="Kubernetes e2e suite" time="54.72744816"></testcase>
      <testcase name="[sig-storage] ConfigMap should be consumable from pods in volume with mappings as non-root [NodeConformance] [Conformance]" classname="Kubernetes e2e suite" time="8.3754565"></testcase>
      <testcase name="[sig-autoscaling] [HPA] Horizontal pod autoscaling (scale resource: Custom Metrics from Stackdriver) should scale down with Custom Metric of type Pod from Stackdriver [Feature:CustomMetricsAutoscaling]" classname="Kubernetes e2e suite" time="0">
          <skipped></skipped>
      </testcase>
      <testcase name="[sig-storage] Subpath [Volume type: emptyDir] should support non-existent path" classname="Kubernetes e2e suite" time="0">
          <skipped></skipped>
      </testcase>
      <testcase name="[sig-storage] PersistentVolumes-local  [Volume type: dir-link-bindmounted] Set fsGroup for local volume should set different fsGroup for second pod if first pod is deleted" classname="Kubernetes e2e suite" time="0">
          <skipped></skipped>
      </testcase>
      <testcase name="[sig-storage] Subpath [Volume type: nfsPVC] should fail if non-existent subpath is outside the volume [Slow]" classname="Kubernetes e2e suite" time="0">
          <skipped></skipped>
      </testcase>
      <testcase name="[sig-network] Services should be able to change the type and ports of a service [Slow] [DisabledForLargeClusters]" classname="Kubernetes e2e suite" time="0">
          <skipped></skipped>
      </testcase>
      <testcase name="[sig-auth] PodSecurityPolicy should allow pods under the privileged policy.PodSecurityPolicy" classname="Kubernetes e2e suite" time="0">
          <skipped></skipped>
      </testcase>
      <testcase name="[sig-autoscaling] Cluster size autoscaling [Slow] Should scale up GPU pool from 1 [GpuType:nvidia-tesla-p100] [Feature:ClusterSizeAutoscalingGpu]" classname="Kubernetes e2e suite" time="0">
          <skipped></skipped>
      </testcase>
      <testcase name="[sig-cli] Kubectl alpha client [k8s.io] Kubectl run CronJob should create a CronJob" classname="Kubernetes e2e suite" time="0">
          <skipped></skipped>
      </testcase>
      <testcase name="[sig-auth] ServiceAccounts should allow opting out of API token automount  [Conformance]" classname="Kubernetes e2e suite" time="22.91038348"></testcase>
      <testcase name="[sig-apps] StatefulSet [k8s.io] Deploy clustered applications [Feature:StatefulSet] [Slow] should creating a working mysql cluster" classname="Kubernetes e2e suite" time="0">
          <skipped></skipped>
      </testcase>
      <testcase name="[sig-storage] Secrets should be able to mount in a volume regardless of a different secret existing with same name in different namespace [NodeConformance]" classname="Kubernetes e2e suite" time="0">
          <skipped></skipped>
      </testcase>
      <testcase name="[k8s.io] Pods should be submitted and removed [NodeConformance] [Conformance]" classname="Kubernetes e2e suite" time="18.68211266"></testcase>
      <testcase name="[sig-instrumentation] MetricsGrabber should grab all metrics from API server." classname="Kubernetes e2e suite" time="0">
          <skipped></skipped>
      </testcase>
      <testcase name="[sig-network] Services should be able to switch session affinity for service with type clusterIP" classname="Kubernetes e2e suite" time="0">
          <skipped></skipped>
      </testcase>
      <testcase name="[sig-scheduling] SchedulerPredicates [Serial] validates local ephemeral storage resource limits of pods that are allowed to run [Feature:LocalStorageCapacityIsolation]" classname="Kubernetes e2e suite" time="0">
          <skipped></skipped>
      </testcase>
  </testsuite>